Command line invocation:
    /Applications/Xcode.app/Contents/Developer/usr/bin/xcodebuild -project /Volumes/SN550-2T/freewind-demos/swiftui-macos-apphotkey-custom-shortcuts-demo/SwiftUIAppHotkeyCustomShortcutsDemo.xcodeproj -scheme SwiftUIAppHotkeyCustomShortcutsDemo -configuration Debug -destination platform=macOS,arch=x86_64 -derivedDataPath /Volumes/SN550-2T/freewind-demos/swiftui-macos-apphotkey-custom-shortcuts-demo/build/out/DerivedData ONLY_ACTIVE_ARCH=YES ARCHS=x86_64 CONFIGURATION_BUILD_DIR=/Volumes/SN550-2T/freewind-demos/swiftui-macos-apphotkey-custom-shortcuts-demo/build/out/Debug build

Build settings from command line:
    ARCHS = x86_64
    CONFIGURATION_BUILD_DIR = /Volumes/SN550-2T/freewind-demos/swiftui-macos-apphotkey-custom-shortcuts-demo/build/out/Debug
    ONLY_ACTIVE_ARCH = YES

ComputePackagePrebuildTargetDependencyGraph

Prepare packages

CreateBuildRequest

SendProjectDescription

CreateBuildOperation

ComputeTargetDependencyGraph
note: Building targets in dependency order
note: Target dependency graph (1 target)
    Target 'SwiftUIAppHotkeyCustomShortcutsDemo' in project 'SwiftUIAppHotkeyCustomShortcutsDemo' (no dependencies)

GatherProvisioningInputs

CreateBuildDescription

ExecuteExternalTool /Applications/Xcode.app/Contents/Developer/Toolchains/XcodeDefault.xctoolchain/usr/bin/clang -v -E -dM -isysroot /Applications/Xcode.app/Contents/Developer/Platforms/MacOSX.platform/Developer/SDKs/MacOSX26.2.sdk -x c -c /dev/null

ExecuteExternalTool /Applications/Xcode.app/Contents/Developer/Toolchains/XcodeDefault.xctoolchain/usr/bin/swiftc --version

ExecuteExternalTool /Applications/Xcode.app/Contents/Developer/Toolchains/XcodeDefault.xctoolchain/usr/bin/ld -version_details

Build description signature: ef1f7c860218920dd06dec1940d201b2
Build description path: /Volumes/SN550-2T/freewind-demos/swiftui-macos-apphotkey-custom-shortcuts-demo/build/out/DerivedData/Build/Intermediates.noindex/XCBuildData/ef1f7c860218920dd06dec1940d201b2.xcbuilddata
CreateBuildDirectory /Volumes/SN550-2T/freewind-demos/swiftui-macos-apphotkey-custom-shortcuts-demo/build/out/DerivedData/Build/Products
    cd /Volumes/SN550-2T/freewind-demos/swiftui-macos-apphotkey-custom-shortcuts-demo/SwiftUIAppHotkeyCustomShortcutsDemo.xcodeproj
    builtin-create-build-directory /Volumes/SN550-2T/freewind-demos/swiftui-macos-apphotkey-custom-shortcuts-demo/build/out/DerivedData/Build/Products

CreateBuildDirectory /Volumes/SN550-2T/freewind-demos/swiftui-macos-apphotkey-custom-shortcuts-demo/build/out/DerivedData/Build/Intermediates.noindex
    cd /Volumes/SN550-2T/freewind-demos/swiftui-macos-apphotkey-custom-shortcuts-demo/SwiftUIAppHotkeyCustomShortcutsDemo.xcodeproj
    builtin-create-build-directory /Volumes/SN550-2T/freewind-demos/swiftui-macos-apphotkey-custom-shortcuts-demo/build/out/DerivedData/Build/Intermediates.noindex

CreateBuildDirectory /Volumes/SN550-2T/freewind-demos/swiftui-macos-apphotkey-custom-shortcuts-demo/build/out/Debug
    cd /Volumes/SN550-2T/freewind-demos/swiftui-macos-apphotkey-custom-shortcuts-demo/SwiftUIAppHotkeyCustomShortcutsDemo.xcodeproj
    builtin-create-build-directory /Volumes/SN550-2T/freewind-demos/swiftui-macos-apphotkey-custom-shortcuts-demo/build/out/Debug

ClangStatCache /Applications/Xcode.app/Contents/Developer/Toolchains/XcodeDefault.xctoolchain/usr/bin/clang-stat-cache /Applications/Xcode.app/Contents/Developer/Platforms/MacOSX.platform/Developer/SDKs/MacOSX26.2.sdk /Volumes/SN550-2T/freewind-demos/swiftui-macos-apphotkey-custom-shortcuts-demo/build/out/DerivedData/SDKStatCaches.noindex/macosx26.2-25C58-00fa09913b459cbbc988d1f6730289ae.sdkstatcache
    cd /Volumes/SN550-2T/freewind-demos/swiftui-macos-apphotkey-custom-shortcuts-demo/SwiftUIAppHotkeyCustomShortcutsDemo.xcodeproj
    /Applications/Xcode.app/Contents/Developer/Toolchains/XcodeDefault.xctoolchain/usr/bin/clang-stat-cache /Applications/Xcode.app/Contents/Developer/Platforms/MacOSX.platform/Developer/SDKs/MacOSX26.2.sdk -o /Volumes/SN550-2T/freewind-demos/swiftui-macos-apphotkey-custom-shortcuts-demo/build/out/DerivedData/SDKStatCaches.noindex/macosx26.2-25C58-00fa09913b459cbbc988d1f6730289ae.sdkstatcache

CreateBuildDirectory /Volumes/SN550-2T/freewind-demos/swiftui-macos-apphotkey-custom-shortcuts-demo/build/out/DerivedData/Build/Intermediates.noindex/ExplicitPrecompiledModules
    cd /Volumes/SN550-2T/freewind-demos/swiftui-macos-apphotkey-custom-shortcuts-demo/SwiftUIAppHotkeyCustomShortcutsDemo.xcodeproj
    builtin-create-build-directory /Volumes/SN550-2T/freewind-demos/swiftui-macos-apphotkey-custom-shortcuts-demo/build/out/DerivedData/Build/Intermediates.noindex/ExplicitPrecompiledModules

CreateBuildDirectory /Volumes/SN550-2T/freewind-demos/swiftui-macos-apphotkey-custom-shortcuts-demo/build/out/DerivedData/Build/Intermediates.noindex/SwiftExplicitPrecompiledModules
    cd /Volumes/SN550-2T/freewind-demos/swiftui-macos-apphotkey-custom-shortcuts-demo/SwiftUIAppHotkeyCustomShortcutsDemo.xcodeproj
    builtin-create-build-directory /Volumes/SN550-2T/freewind-demos/swiftui-macos-apphotkey-custom-shortcuts-demo/build/out/DerivedData/Build/Intermediates.noindex/SwiftExplicitPrecompiledModules

CreateBuildDirectory /Volumes/SN550-2T/freewind-demos/swiftui-macos-apphotkey-custom-shortcuts-demo/build/out/DerivedData/Build/Intermediates.noindex/EagerLinkingTBDs/Debug
    cd /Volumes/SN550-2T/freewind-demos/swiftui-macos-apphotkey-custom-shortcuts-demo/SwiftUIAppHotkeyCustomShortcutsDemo.xcodeproj
    builtin-create-build-directory /Volumes/SN550-2T/freewind-demos/swiftui-macos-apphotkey-custom-shortcuts-demo/build/out/DerivedData/Build/Intermediates.noindex/EagerLinkingTBDs/Debug

WriteAuxiliaryFile /Volumes/SN550-2T/freewind-demos/swiftui-macos-apphotkey-custom-shortcuts-demo/build/out/DerivedData/Build/Intermediates.noindex/SwiftUIAppHotkeyCustomShortcutsDemo.build/Debug/SwiftUIAppHotkeyCustomShortcutsDemo-8b9b8019d5c5c10148a879fc8d546cdf-VFS/all-product-headers.yaml
    cd /Volumes/SN550-2T/freewind-demos/swiftui-macos-apphotkey-custom-shortcuts-demo/SwiftUIAppHotkeyCustomShortcutsDemo.xcodeproj
    write-file /Volumes/SN550-2T/freewind-demos/swiftui-macos-apphotkey-custom-shortcuts-demo/build/out/DerivedData/Build/Intermediates.noindex/SwiftUIAppHotkeyCustomShortcutsDemo.build/Debug/SwiftUIAppHotkeyCustomShortcutsDemo-8b9b8019d5c5c10148a879fc8d546cdf-VFS/all-product-headers.yaml

WriteAuxiliaryFile /Volumes/SN550-2T/freewind-demos/swiftui-macos-apphotkey-custom-shortcuts-demo/build/out/DerivedData/Build/Intermediates.noindex/SwiftUIAppHotkeyCustomShortcutsDemo.build/Debug/SwiftUIAppHotkeyCustomShortcutsDemo.build/SwiftUIAppHotkeyCustomShortcutsDemo-project-headers.hmap (in target 'SwiftUIAppHotkeyCustomShortcutsDemo' from project 'SwiftUIAppHotkeyCustomShortcutsDemo')
    cd /Volumes/SN550-2T/freewind-demos/swiftui-macos-apphotkey-custom-shortcuts-demo
    write-file /Volumes/SN550-2T/freewind-demos/swiftui-macos-apphotkey-custom-shortcuts-demo/build/out/DerivedData/Build/Intermediates.noindex/SwiftUIAppHotkeyCustomShortcutsDemo.build/Debug/SwiftUIAppHotkeyCustomShortcutsDemo.build/SwiftUIAppHotkeyCustomShortcutsDemo-project-headers.hmap

WriteAuxiliaryFile /Volumes/SN550-2T/freewind-demos/swiftui-macos-apphotkey-custom-shortcuts-demo/build/out/DerivedData/Build/Intermediates.noindex/SwiftUIAppHotkeyCustomShortcutsDemo.build/Debug/SwiftUIAppHotkeyCustomShortcutsDemo.build/SwiftUIAppHotkeyCustomShortcutsDemo.hmap (in target 'SwiftUIAppHotkeyCustomShortcutsDemo' from project 'SwiftUIAppHotkeyCustomShortcutsDemo')
    cd /Volumes/SN550-2T/freewind-demos/swiftui-macos-apphotkey-custom-shortcuts-demo
    write-file /Volumes/SN550-2T/freewind-demos/swiftui-macos-apphotkey-custom-shortcuts-demo/build/out/DerivedData/Build/Intermediates.noindex/SwiftUIAppHotkeyCustomShortcutsDemo.build/Debug/SwiftUIAppHotkeyCustomShortcutsDemo.build/SwiftUIAppHotkeyCustomShortcutsDemo.hmap

WriteAuxiliaryFile /Volumes/SN550-2T/freewind-demos/swiftui-macos-apphotkey-custom-shortcuts-demo/build/out/DerivedData/Build/Intermediates.noindex/SwiftUIAppHotkeyCustomShortcutsDemo.build/Debug/SwiftUIAppHotkeyCustomShortcutsDemo.build/SwiftUIAppHotkeyCustomShortcutsDemo-own-target-headers.hmap (in target 'SwiftUIAppHotkeyCustomShortcutsDemo' from project 'SwiftUIAppHotkeyCustomShortcutsDemo')
    cd /Volumes/SN550-2T/freewind-demos/swiftui-macos-apphotkey-custom-shortcuts-demo
    write-file /Volumes/SN550-2T/freewind-demos/swiftui-macos-apphotkey-custom-shortcuts-demo/build/out/DerivedData/Build/Intermediates.noindex/SwiftUIAppHotkeyCustomShortcutsDemo.build/Debug/SwiftUIAppHotkeyCustomShortcutsDemo.build/SwiftUIAppHotkeyCustomShortcutsDemo-own-target-headers.hmap

WriteAuxiliaryFile /Volumes/SN550-2T/freewind-demos/swiftui-macos-apphotkey-custom-shortcuts-demo/build/out/DerivedData/Build/Intermediates.noindex/SwiftUIAppHotkeyCustomShortcutsDemo.build/Debug/SwiftUIAppHotkeyCustomShortcutsDemo.build/SwiftUIAppHotkeyCustomShortcutsDemo-all-non-framework-target-headers.hmap (in target 'SwiftUIAppHotkeyCustomShortcutsDemo' from project 'SwiftUIAppHotkeyCustomShortcutsDemo')
    cd /Volumes/SN550-2T/freewind-demos/swiftui-macos-apphotkey-custom-shortcuts-demo
    write-file /Volumes/SN550-2T/freewind-demos/swiftui-macos-apphotkey-custom-shortcuts-demo/build/out/DerivedData/Build/Intermediates.noindex/SwiftUIAppHotkeyCustomShortcutsDemo.build/Debug/SwiftUIAppHotkeyCustomShortcutsDemo.build/SwiftUIAppHotkeyCustomShortcutsDemo-all-non-framework-target-headers.hmap

WriteAuxiliaryFile /Volumes/SN550-2T/freewind-demos/swiftui-macos-apphotkey-custom-shortcuts-demo/build/out/DerivedData/Build/Intermediates.noindex/SwiftUIAppHotkeyCustomShortcutsDemo.build/Debug/SwiftUIAppHotkeyCustomShortcutsDemo.build/SwiftUIAppHotkeyCustomShortcutsDemo-generated-files.hmap (in target 'SwiftUIAppHotkeyCustomShortcutsDemo' from project 'SwiftUIAppHotkeyCustomShortcutsDemo')
    cd /Volumes/SN550-2T/freewind-demos/swiftui-macos-apphotkey-custom-shortcuts-demo
    write-file /Volumes/SN550-2T/freewind-demos/swiftui-macos-apphotkey-custom-shortcuts-demo/build/out/DerivedData/Build/Intermediates.noindex/SwiftUIAppHotkeyCustomShortcutsDemo.build/Debug/SwiftUIAppHotkeyCustomShortcutsDemo.build/SwiftUIAppHotkeyCustomShortcutsDemo-generated-files.hmap

WriteAuxiliaryFile /Volumes/SN550-2T/freewind-demos/swiftui-macos-apphotkey-custom-shortcuts-demo/build/out/DerivedData/Build/Intermediates.noindex/SwiftUIAppHotkeyCustomShortcutsDemo.build/Debug/SwiftUIAppHotkeyCustomShortcutsDemo.build/SwiftUIAppHotkeyCustomShortcutsDemo-all-target-headers.hmap (in target 'SwiftUIAppHotkeyCustomShortcutsDemo' from project 'SwiftUIAppHotkeyCustomShortcutsDemo')
    cd /Volumes/SN550-2T/freewind-demos/swiftui-macos-apphotkey-custom-shortcuts-demo
    write-file /Volumes/SN550-2T/freewind-demos/swiftui-macos-apphotkey-custom-shortcuts-demo/build/out/DerivedData/Build/Intermediates.noindex/SwiftUIAppHotkeyCustomShortcutsDemo.build/Debug/SwiftUIAppHotkeyCustomShortcutsDemo.build/SwiftUIAppHotkeyCustomShortcutsDemo-all-target-headers.hmap

WriteAuxiliaryFile /Volumes/SN550-2T/freewind-demos/swiftui-macos-apphotkey-custom-shortcuts-demo/build/out/DerivedData/Build/Intermediates.noindex/SwiftUIAppHotkeyCustomShortcutsDemo.build/Debug/SwiftUIAppHotkeyCustomShortcutsDemo.build/SwiftUIAppHotkeyCustomShortcutsDemo-DebugDylibInstallName-normal-x86_64.txt (in target 'SwiftUIAppHotkeyCustomShortcutsDemo' from project 'SwiftUIAppHotkeyCustomShortcutsDemo')
    cd /Volumes/SN550-2T/freewind-demos/swiftui-macos-apphotkey-custom-shortcuts-demo
    write-file /Volumes/SN550-2T/freewind-demos/swiftui-macos-apphotkey-custom-shortcuts-demo/build/out/DerivedData/Build/Intermediates.noindex/SwiftUIAppHotkeyCustomShortcutsDemo.build/Debug/SwiftUIAppHotkeyCustomShortcutsDemo.build/SwiftUIAppHotkeyCustomShortcutsDemo-DebugDylibInstallName-normal-x86_64.txt

WriteAuxiliaryFile /Volumes/SN550-2T/freewind-demos/swiftui-macos-apphotkey-custom-shortcuts-demo/build/out/DerivedData/Build/Intermediates.noindex/SwiftUIAppHotkeyCustomShortcutsDemo.build/Debug/SwiftUIAppHotkeyCustomShortcutsDemo.build/SwiftUIAppHotkeyCustomShortcutsDemo.DependencyStaticMetadataFileList (in target 'SwiftUIAppHotkeyCustomShortcutsDemo' from project 'SwiftUIAppHotkeyCustomShortcutsDemo')
    cd /Volumes/SN550-2T/freewind-demos/swiftui-macos-apphotkey-custom-shortcuts-demo
    write-file /Volumes/SN550-2T/freewind-demos/swiftui-macos-apphotkey-custom-shortcuts-demo/build/out/DerivedData/Build/Intermediates.noindex/SwiftUIAppHotkeyCustomShortcutsDemo.build/Debug/SwiftUIAppHotkeyCustomShortcutsDemo.build/SwiftUIAppHotkeyCustomShortcutsDemo.DependencyStaticMetadataFileList

WriteAuxiliaryFile /Volumes/SN550-2T/freewind-demos/swiftui-macos-apphotkey-custom-shortcuts-demo/build/out/DerivedData/Build/Intermediates.noindex/SwiftUIAppHotkeyCustomShortcutsDemo.build/Debug/SwiftUIAppHotkeyCustomShortcutsDemo.build/SwiftUIAppHotkeyCustomShortcutsDemo-DebugDylibPath-normal-x86_64.txt (in target 'SwiftUIAppHotkeyCustomShortcutsDemo' from project 'SwiftUIAppHotkeyCustomShortcutsDemo')
    cd /Volumes/SN550-2T/freewind-demos/swiftui-macos-apphotkey-custom-shortcuts-demo
    write-file /Volumes/SN550-2T/freewind-demos/swiftui-macos-apphotkey-custom-shortcuts-demo/build/out/DerivedData/Build/Intermediates.noindex/SwiftUIAppHotkeyCustomShortcutsDemo.build/Debug/SwiftUIAppHotkeyCustomShortcutsDemo.build/SwiftUIAppHotkeyCustomShortcutsDemo-DebugDylibPath-normal-x86_64.txt

WriteAuxiliaryFile /Volumes/SN550-2T/freewind-demos/swiftui-macos-apphotkey-custom-shortcuts-demo/build/out/DerivedData/Build/Intermediates.noindex/SwiftUIAppHotkeyCustomShortcutsDemo.build/Debug/SwiftUIAppHotkeyCustomShortcutsDemo.build/Objects-normal/x86_64/SwiftUIAppHotkeyCustomShortcutsDemo.SwiftFileList (in target 'SwiftUIAppHotkeyCustomShortcutsDemo' from project 'SwiftUIAppHotkeyCustomShortcutsDemo')
    cd /Volumes/SN550-2T/freewind-demos/swiftui-macos-apphotkey-custom-shortcuts-demo
    write-file /Volumes/SN550-2T/freewind-demos/swiftui-macos-apphotkey-custom-shortcuts-demo/build/out/DerivedData/Build/Intermediates.noindex/SwiftUIAppHotkeyCustomShortcutsDemo.build/Debug/SwiftUIAppHotkeyCustomShortcutsDemo.build/Objects-normal/x86_64/SwiftUIAppHotkeyCustomShortcutsDemo.SwiftFileList

WriteAuxiliaryFile /Volumes/SN550-2T/freewind-demos/swiftui-macos-apphotkey-custom-shortcuts-demo/build/out/DerivedData/Build/Intermediates.noindex/SwiftUIAppHotkeyCustomShortcutsDemo.build/Debug/SwiftUIAppHotkeyCustomShortcutsDemo.build/Objects-normal/x86_64/SwiftUIAppHotkeyCustomShortcutsDemo_const_extract_protocols.json (in target 'SwiftUIAppHotkeyCustomShortcutsDemo' from project 'SwiftUIAppHotkeyCustomShortcutsDemo')
    cd /Volumes/SN550-2T/freewind-demos/swiftui-macos-apphotkey-custom-shortcuts-demo
    write-file /Volumes/SN550-2T/freewind-demos/swiftui-macos-apphotkey-custom-shortcuts-demo/build/out/DerivedData/Build/Intermediates.noindex/SwiftUIAppHotkeyCustomShortcutsDemo.build/Debug/SwiftUIAppHotkeyCustomShortcutsDemo.build/Objects-normal/x86_64/SwiftUIAppHotkeyCustomShortcutsDemo_const_extract_protocols.json

WriteAuxiliaryFile /Volumes/SN550-2T/freewind-demos/swiftui-macos-apphotkey-custom-shortcuts-demo/build/out/DerivedData/Build/Intermediates.noindex/SwiftUIAppHotkeyCustomShortcutsDemo.build/Debug/SwiftUIAppHotkeyCustomShortcutsDemo.build/SwiftUIAppHotkeyCustomShortcutsDemo.DependencyMetadataFileList (in target 'SwiftUIAppHotkeyCustomShortcutsDemo' from project 'SwiftUIAppHotkeyCustomShortcutsDemo')
    cd /Volumes/SN550-2T/freewind-demos/swiftui-macos-apphotkey-custom-shortcuts-demo
    write-file /Volumes/SN550-2T/freewind-demos/swiftui-macos-apphotkey-custom-shortcuts-demo/build/out/DerivedData/Build/Intermediates.noindex/SwiftUIAppHotkeyCustomShortcutsDemo.build/Debug/SwiftUIAppHotkeyCustomShortcutsDemo.build/SwiftUIAppHotkeyCustomShortcutsDemo.DependencyMetadataFileList

WriteAuxiliaryFile /Volumes/SN550-2T/freewind-demos/swiftui-macos-apphotkey-custom-shortcuts-demo/build/out/DerivedData/Build/Intermediates.noindex/SwiftUIAppHotkeyCustomShortcutsDemo.build/Debug/SwiftUIAppHotkeyCustomShortcutsDemo.build/Objects-normal/x86_64/SwiftUIAppHotkeyCustomShortcutsDemo.SwiftConstValuesFileList (in target 'SwiftUIAppHotkeyCustomShortcutsDemo' from project 'SwiftUIAppHotkeyCustomShortcutsDemo')
    cd /Volumes/SN550-2T/freewind-demos/swiftui-macos-apphotkey-custom-shortcuts-demo
    write-file /Volumes/SN550-2T/freewind-demos/swiftui-macos-apphotkey-custom-shortcuts-demo/build/out/DerivedData/Build/Intermediates.noindex/SwiftUIAppHotkeyCustomShortcutsDemo.build/Debug/SwiftUIAppHotkeyCustomShortcutsDemo.build/Objects-normal/x86_64/SwiftUIAppHotkeyCustomShortcutsDemo.SwiftConstValuesFileList

WriteAuxiliaryFile /Volumes/SN550-2T/freewind-demos/swiftui-macos-apphotkey-custom-shortcuts-demo/build/out/DerivedData/Build/Intermediates.noindex/SwiftUIAppHotkeyCustomShortcutsDemo.build/Debug/SwiftUIAppHotkeyCustomShortcutsDemo.build/Objects-normal/x86_64/SwiftUIAppHotkeyCustomShortcutsDemo.LinkFileList (in target 'SwiftUIAppHotkeyCustomShortcutsDemo' from project 'SwiftUIAppHotkeyCustomShortcutsDemo')
    cd /Volumes/SN550-2T/freewind-demos/swiftui-macos-apphotkey-custom-shortcuts-demo
    write-file /Volumes/SN550-2T/freewind-demos/swiftui-macos-apphotkey-custom-shortcuts-demo/build/out/DerivedData/Build/Intermediates.noindex/SwiftUIAppHotkeyCustomShortcutsDemo.build/Debug/SwiftUIAppHotkeyCustomShortcutsDemo.build/Objects-normal/x86_64/SwiftUIAppHotkeyCustomShortcutsDemo.LinkFileList

WriteAuxiliaryFile /Volumes/SN550-2T/freewind-demos/swiftui-macos-apphotkey-custom-shortcuts-demo/build/out/DerivedData/Build/Intermediates.noindex/SwiftUIAppHotkeyCustomShortcutsDemo.build/Debug/SwiftUIAppHotkeyCustomShortcutsDemo.build/Objects-normal/x86_64/SwiftUIAppHotkeyCustomShortcutsDemo-OutputFileMap.json (in target 'SwiftUIAppHotkeyCustomShortcutsDemo' from project 'SwiftUIAppHotkeyCustomShortcutsDemo')
    cd /Volumes/SN550-2T/freewind-demos/swiftui-macos-apphotkey-custom-shortcuts-demo
    write-file /Volumes/SN550-2T/freewind-demos/swiftui-macos-apphotkey-custom-shortcuts-demo/build/out/DerivedData/Build/Intermediates.noindex/SwiftUIAppHotkeyCustomShortcutsDemo.build/Debug/SwiftUIAppHotkeyCustomShortcutsDemo.build/Objects-normal/x86_64/SwiftUIAppHotkeyCustomShortcutsDemo-OutputFileMap.json

MkDir /Volumes/SN550-2T/freewind-demos/swiftui-macos-apphotkey-custom-shortcuts-demo/build/out/Debug/SwiftUIAppHotkeyCustomShortcutsDemo.app (in target 'SwiftUIAppHotkeyCustomShortcutsDemo' from project 'SwiftUIAppHotkeyCustomShortcutsDemo')
    cd /Volumes/SN550-2T/freewind-demos/swiftui-macos-apphotkey-custom-shortcuts-demo
    /bin/mkdir -p /Volumes/SN550-2T/freewind-demos/swiftui-macos-apphotkey-custom-shortcuts-demo/build/out/Debug/SwiftUIAppHotkeyCustomShortcutsDemo.app

WriteAuxiliaryFile /Volumes/SN550-2T/freewind-demos/swiftui-macos-apphotkey-custom-shortcuts-demo/build/out/DerivedData/Build/Intermediates.noindex/SwiftUIAppHotkeyCustomShortcutsDemo.build/Debug/SwiftUIAppHotkeyCustomShortcutsDemo.build/DerivedSources/Entitlements.plist (in target 'SwiftUIAppHotkeyCustomShortcutsDemo' from project 'SwiftUIAppHotkeyCustomShortcutsDemo')
    cd /Volumes/SN550-2T/freewind-demos/swiftui-macos-apphotkey-custom-shortcuts-demo
    write-file /Volumes/SN550-2T/freewind-demos/swiftui-macos-apphotkey-custom-shortcuts-demo/build/out/DerivedData/Build/Intermediates.noindex/SwiftUIAppHotkeyCustomShortcutsDemo.build/Debug/SwiftUIAppHotkeyCustomShortcutsDemo.build/DerivedSources/Entitlements.plist

MkDir /Volumes/SN550-2T/freewind-demos/swiftui-macos-apphotkey-custom-shortcuts-demo/build/out/Debug/SwiftUIAppHotkeyCustomShortcutsDemo.app/Contents (in target 'SwiftUIAppHotkeyCustomShortcutsDemo' from project 'SwiftUIAppHotkeyCustomShortcutsDemo')
    cd /Volumes/SN550-2T/freewind-demos/swiftui-macos-apphotkey-custom-shortcuts-demo
    /bin/mkdir -p /Volumes/SN550-2T/freewind-demos/swiftui-macos-apphotkey-custom-shortcuts-demo/build/out/Debug/SwiftUIAppHotkeyCustomShortcutsDemo.app/Contents

MkDir /Volumes/SN550-2T/freewind-demos/swiftui-macos-apphotkey-custom-shortcuts-demo/build/out/Debug/SwiftUIAppHotkeyCustomShortcutsDemo.app/Contents/MacOS (in target 'SwiftUIAppHotkeyCustomShortcutsDemo' from project 'SwiftUIAppHotkeyCustomShortcutsDemo')
    cd /Volumes/SN550-2T/freewind-demos/swiftui-macos-apphotkey-custom-shortcuts-demo
    /bin/mkdir -p /Volumes/SN550-2T/freewind-demos/swiftui-macos-apphotkey-custom-shortcuts-demo/build/out/Debug/SwiftUIAppHotkeyCustomShortcutsDemo.app/Contents/MacOS

ProcessProductPackaging "" /Volumes/SN550-2T/freewind-demos/swiftui-macos-apphotkey-custom-shortcuts-demo/build/out/DerivedData/Build/Intermediates.noindex/SwiftUIAppHotkeyCustomShortcutsDemo.build/Debug/SwiftUIAppHotkeyCustomShortcutsDemo.build/SwiftUIAppHotkeyCustomShortcutsDemo.app.xcent (in target 'SwiftUIAppHotkeyCustomShortcutsDemo' from project 'SwiftUIAppHotkeyCustomShortcutsDemo')
    cd /Volumes/SN550-2T/freewind-demos/swiftui-macos-apphotkey-custom-shortcuts-demo
    
    Entitlements:
    
    {
    "com.apple.security.get-task-allow" = 1;
}
    
    builtin-productPackagingUtility -entitlements -format xml -o /Volumes/SN550-2T/freewind-demos/swiftui-macos-apphotkey-custom-shortcuts-demo/build/out/DerivedData/Build/Intermediates.noindex/SwiftUIAppHotkeyCustomShortcutsDemo.build/Debug/SwiftUIAppHotkeyCustomShortcutsDemo.build/SwiftUIAppHotkeyCustomShortcutsDemo.app.xcent

ProcessProductPackagingDER /Volumes/SN550-2T/freewind-demos/swiftui-macos-apphotkey-custom-shortcuts-demo/build/out/DerivedData/Build/Intermediates.noindex/SwiftUIAppHotkeyCustomShortcutsDemo.build/Debug/SwiftUIAppHotkeyCustomShortcutsDemo.build/SwiftUIAppHotkeyCustomShortcutsDemo.app.xcent /Volumes/SN550-2T/freewind-demos/swiftui-macos-apphotkey-custom-shortcuts-demo/build/out/DerivedData/Build/Intermediates.noindex/SwiftUIAppHotkeyCustomShortcutsDemo.build/Debug/SwiftUIAppHotkeyCustomShortcutsDemo.build/SwiftUIAppHotkeyCustomShortcutsDemo.app.xcent.der (in target 'SwiftUIAppHotkeyCustomShortcutsDemo' from project 'SwiftUIAppHotkeyCustomShortcutsDemo')
    cd /Volumes/SN550-2T/freewind-demos/swiftui-macos-apphotkey-custom-shortcuts-demo
    /usr/bin/derq query -f xml -i /Volumes/SN550-2T/freewind-demos/swiftui-macos-apphotkey-custom-shortcuts-demo/build/out/DerivedData/Build/Intermediates.noindex/SwiftUIAppHotkeyCustomShortcutsDemo.build/Debug/SwiftUIAppHotkeyCustomShortcutsDemo.build/SwiftUIAppHotkeyCustomShortcutsDemo.app.xcent -o /Volumes/SN550-2T/freewind-demos/swiftui-macos-apphotkey-custom-shortcuts-demo/build/out/DerivedData/Build/Intermediates.noindex/SwiftUIAppHotkeyCustomShortcutsDemo.build/Debug/SwiftUIAppHotkeyCustomShortcutsDemo.build/SwiftUIAppHotkeyCustomShortcutsDemo.app.xcent.der --raw

Ld /Volumes/SN550-2T/freewind-demos/swiftui-macos-apphotkey-custom-shortcuts-demo/build/out/Debug/SwiftUIAppHotkeyCustomShortcutsDemo.app/Contents/MacOS/__preview.dylib normal (in target 'SwiftUIAppHotkeyCustomShortcutsDemo' from project 'SwiftUIAppHotkeyCustomShortcutsDemo')
    cd /Volumes/SN550-2T/freewind-demos/swiftui-macos-apphotkey-custom-shortcuts-demo
    /Applications/Xcode.app/Contents/Developer/Toolchains/XcodeDefault.xctoolchain/usr/bin/clang -Xlinker -reproducible -target x86_64-apple-macos14.0 -dynamiclib -isysroot /Applications/Xcode.app/Contents/Developer/Platforms/MacOSX.platform/Developer/SDKs/MacOSX26.2.sdk -O0 -L/Volumes/SN550-2T/freewind-demos/swiftui-macos-apphotkey-custom-shortcuts-demo/build/out/Debug -F/Volumes/SN550-2T/freewind-demos/swiftui-macos-apphotkey-custom-shortcuts-demo/build/out/Debug -install_name @rpath/SwiftUIAppHotkeyCustomShortcutsDemo.debug.dylib -rdynamic -Xlinker -no_deduplicate -Xlinker -dependency_info -Xlinker /Volumes/SN550-2T/freewind-demos/swiftui-macos-apphotkey-custom-shortcuts-demo/build/out/DerivedData/Build/Intermediates.noindex/SwiftUIAppHotkeyCustomShortcutsDemo.build/Debug/SwiftUIAppHotkeyCustomShortcutsDemo.build/Objects-normal/x86_64/SwiftUIAppHotkeyCustomShortcutsDemo_dependency_info.dat -Xlinker -no_adhoc_codesign -o /Volumes/SN550-2T/freewind-demos/swiftui-macos-apphotkey-custom-shortcuts-demo/build/out/Debug/SwiftUIAppHotkeyCustomShortcutsDemo.app/Contents/MacOS/__preview.dylib

ProcessInfoPlistFile /Volumes/SN550-2T/freewind-demos/swiftui-macos-apphotkey-custom-shortcuts-demo/build/out/Debug/SwiftUIAppHotkeyCustomShortcutsDemo.app/Contents/Info.plist /Volumes/SN550-2T/freewind-demos/swiftui-macos-apphotkey-custom-shortcuts-demo/Sources/Info.plist (in target 'SwiftUIAppHotkeyCustomShortcutsDemo' from project 'SwiftUIAppHotkeyCustomShortcutsDemo')
    cd /Volumes/SN550-2T/freewind-demos/swiftui-macos-apphotkey-custom-shortcuts-demo
    builtin-infoPlistUtility /Volumes/SN550-2T/freewind-demos/swiftui-macos-apphotkey-custom-shortcuts-demo/Sources/Info.plist -producttype com.apple.product-type.application -genpkginfo /Volumes/SN550-2T/freewind-demos/swiftui-macos-apphotkey-custom-shortcuts-demo/build/out/Debug/SwiftUIAppHotkeyCustomShortcutsDemo.app/Contents/PkgInfo -expandbuildsettings -platform macosx -o /Volumes/SN550-2T/freewind-demos/swiftui-macos-apphotkey-custom-shortcuts-demo/build/out/Debug/SwiftUIAppHotkeyCustomShortcutsDemo.app/Contents/Info.plist

SwiftDriver SwiftUIAppHotkeyCustomShortcutsDemo normal x86_64 com.apple.xcode.tools.swift.compiler (in target 'SwiftUIAppHotkeyCustomShortcutsDemo' from project 'SwiftUIAppHotkeyCustomShortcutsDemo')
    cd /Volumes/SN550-2T/freewind-demos/swiftui-macos-apphotkey-custom-shortcuts-demo
    builtin-SwiftDriver -- /Applications/Xcode.app/Contents/Developer/Toolchains/XcodeDefault.xctoolchain/usr/bin/swiftc -module-name SwiftUIAppHotkeyCustomShortcutsDemo -Onone -enforce-exclusivity\=checked @/Volumes/SN550-2T/freewind-demos/swiftui-macos-apphotkey-custom-shortcuts-demo/build/out/DerivedData/Build/Intermediates.noindex/SwiftUIAppHotkeyCustomShortcutsDemo.build/Debug/SwiftUIAppHotkeyCustomShortcutsDemo.build/Objects-normal/x86_64/SwiftUIAppHotkeyCustomShortcutsDemo.SwiftFileList -DDEBUG -enable-bare-slash-regex -enable-experimental-feature DebugDescriptionMacro -sdk /Applications/Xcode.app/Contents/Developer/Platforms/MacOSX.platform/Developer/SDKs/MacOSX26.2.sdk -target x86_64-apple-macos14.0 -g -module-cache-path /Volumes/SN550-2T/freewind-demos/swiftui-macos-apphotkey-custom-shortcuts-demo/build/out/DerivedData/ModuleCache.noindex -Xfrontend -serialize-debugging-options -enable-testing -index-store-path /Volumes/SN550-2T/freewind-demos/swiftui-macos-apphotkey-custom-shortcuts-demo/build/out/DerivedData/Index.noindex/DataStore -Xcc -D_LIBCPP_HARDENING_MODE\=_LIBCPP_HARDENING_MODE_DEBUG -swift-version 5 -I /Volumes/SN550-2T/freewind-demos/swiftui-macos-apphotkey-custom-shortcuts-demo/build/out/Debug -F /Volumes/SN550-2T/freewind-demos/swiftui-macos-apphotkey-custom-shortcuts-demo/build/out/Debug -c -j12 -enable-batch-mode -incremental -Xcc -ivfsstatcache -Xcc /Volumes/SN550-2T/freewind-demos/swiftui-macos-apphotkey-custom-shortcuts-demo/build/out/DerivedData/SDKStatCaches.noindex/macosx26.2-25C58-00fa09913b459cbbc988d1f6730289ae.sdkstatcache -output-file-map /Volumes/SN550-2T/freewind-demos/swiftui-macos-apphotkey-custom-shortcuts-demo/build/out/DerivedData/Build/Intermediates.noindex/SwiftUIAppHotkeyCustomShortcutsDemo.build/Debug/SwiftUIAppHotkeyCustomShortcutsDemo.build/Objects-normal/x86_64/SwiftUIAppHotkeyCustomShortcutsDemo-OutputFileMap.json -use-frontend-parseable-output -save-temps -no-color-diagnostics -explicit-module-build -module-cache-path /Volumes/SN550-2T/freewind-demos/swiftui-macos-apphotkey-custom-shortcuts-demo/build/out/DerivedData/Build/Intermediates.noindex/SwiftExplicitPrecompiledModules -clang-scanner-module-cache-path /Volumes/SN550-2T/freewind-demos/swiftui-macos-apphotkey-custom-shortcuts-demo/build/out/DerivedData/ModuleCache.noindex -sdk-module-cache-path /Volumes/SN550-2T/freewind-demos/swiftui-macos-apphotkey-custom-shortcuts-demo/build/out/DerivedData/ModuleCache.noindex -serialize-diagnostics -emit-dependencies -emit-module -emit-module-path /Volumes/SN550-2T/freewind-demos/swiftui-macos-apphotkey-custom-shortcuts-demo/build/out/DerivedData/Build/Intermediates.noindex/SwiftUIAppHotkeyCustomShortcutsDemo.build/Debug/SwiftUIAppHotkeyCustomShortcutsDemo.build/Objects-normal/x86_64/SwiftUIAppHotkeyCustomShortcutsDemo.swiftmodule -validate-clang-modules-once -clang-build-session-file /Volumes/SN550-2T/freewind-demos/swiftui-macos-apphotkey-custom-shortcuts-demo/build/out/DerivedData/ModuleCache.noindex/Session.modulevalidation -Xcc -I/Volumes/SN550-2T/freewind-demos/swiftui-macos-apphotkey-custom-shortcuts-demo/build/out/DerivedData/Build/Intermediates.noindex/SwiftUIAppHotkeyCustomShortcutsDemo.build/Debug/SwiftUIAppHotkeyCustomShortcutsDemo.build/swift-overrides.hmap -emit-const-values -Xfrontend -const-gather-protocols-file -Xfrontend /Volumes/SN550-2T/freewind-demos/swiftui-macos-apphotkey-custom-shortcuts-demo/build/out/DerivedData/Build/Intermediates.noindex/SwiftUIAppHotkeyCustomShortcutsDemo.build/Debug/SwiftUIAppHotkeyCustomShortcutsDemo.build/Objects-normal/x86_64/SwiftUIAppHotkeyCustomShortcutsDemo_const_extract_protocols.json -Xcc -iquote -Xcc /Volumes/SN550-2T/freewind-demos/swiftui-macos-apphotkey-custom-shortcuts-demo/build/out/DerivedData/Build/Intermediates.noindex/SwiftUIAppHotkeyCustomShortcutsDemo.build/Debug/SwiftUIAppHotkeyCustomShortcutsDemo.build/SwiftUIAppHotkeyCustomShortcutsDemo-generated-files.hmap -Xcc -I/Volumes/SN550-2T/freewind-demos/swiftui-macos-apphotkey-custom-shortcuts-demo/build/out/DerivedData/Build/Intermediates.noindex/SwiftUIAppHotkeyCustomShortcutsDemo.build/Debug/SwiftUIAppHotkeyCustomShortcutsDemo.build/SwiftUIAppHotkeyCustomShortcutsDemo-own-target-headers.hmap -Xcc -I/Volumes/SN550-2T/freewind-demos/swiftui-macos-apphotkey-custom-shortcuts-demo/build/out/DerivedData/Build/Intermediates.noindex/SwiftUIAppHotkeyCustomShortcutsDemo.build/Debug/SwiftUIAppHotkeyCustomShortcutsDemo.build/SwiftUIAppHotkeyCustomShortcutsDemo-all-target-headers.hmap -Xcc -iquote -Xcc /Volumes/SN550-2T/freewind-demos/swiftui-macos-apphotkey-custom-shortcuts-demo/build/out/DerivedData/Build/Intermediates.noindex/SwiftUIAppHotkeyCustomShortcutsDemo.build/Debug/SwiftUIAppHotkeyCustomShortcutsDemo.build/SwiftUIAppHotkeyCustomShortcutsDemo-project-headers.hmap -Xcc -I/Volumes/SN550-2T/freewind-demos/swiftui-macos-apphotkey-custom-shortcuts-demo/build/out/Debug/include -Xcc -I/Volumes/SN550-2T/freewind-demos/swiftui-macos-apphotkey-custom-shortcuts-demo/build/out/DerivedData/Build/Intermediates.noindex/SwiftUIAppHotkeyCustomShortcutsDemo.build/Debug/SwiftUIAppHotkeyCustomShortcutsDemo.build/DerivedSources-normal/x86_64 -Xcc -I/Volumes/SN550-2T/freewind-demos/swiftui-macos-apphotkey-custom-shortcuts-demo/build/out/DerivedData/Build/Intermediates.noindex/SwiftUIAppHotkeyCustomShortcutsDemo.build/Debug/SwiftUIAppHotkeyCustomShortcutsDemo.build/DerivedSources/x86_64 -Xcc -I/Volumes/SN550-2T/freewind-demos/swiftui-macos-apphotkey-custom-shortcuts-demo/build/out/DerivedData/Build/Intermediates.noindex/SwiftUIAppHotkeyCustomShortcutsDemo.build/Debug/SwiftUIAppHotkeyCustomShortcutsDemo.build/DerivedSources -Xcc -DDEBUG\=1 -emit-objc-header -emit-objc-header-path /Volumes/SN550-2T/freewind-demos/swiftui-macos-apphotkey-custom-shortcuts-demo/build/out/DerivedData/Build/Intermediates.noindex/SwiftUIAppHotkeyCustomShortcutsDemo.build/Debug/SwiftUIAppHotkeyCustomShortcutsDemo.build/Objects-normal/x86_64/SwiftUIAppHotkeyCustomShortcutsDemo-Swift.h -working-directory /Volumes/SN550-2T/freewind-demos/swiftui-macos-apphotkey-custom-shortcuts-demo -experimental-emit-module-separately -disable-cmo

SwiftExplicitDependencyGeneratePcm x86_64 /Volumes/SN550-2T/freewind-demos/swiftui-macos-apphotkey-custom-shortcuts-demo/build/out/DerivedData/ModuleCache.noindex/_Builtin_stdarg-5IFI5U4JQQPLO1KOFGKMG2Z0E.pcm

SwiftExplicitDependencyGeneratePcm x86_64 /Volumes/SN550-2T/freewind-demos/swiftui-macos-apphotkey-custom-shortcuts-demo/build/out/DerivedData/ModuleCache.noindex/ptrauth-CQ97RUFRHXASQ47HUIAE8WYO3.pcm

SwiftExplicitDependencyGeneratePcm x86_64 /Volumes/SN550-2T/freewind-demos/swiftui-macos-apphotkey-custom-shortcuts-demo/build/out/DerivedData/ModuleCache.noindex/SwiftShims-C8K105G7K9O58SC6YJ8Y56BW1.pcm

SwiftExplicitDependencyGeneratePcm x86_64 /Volumes/SN550-2T/freewind-demos/swiftui-macos-apphotkey-custom-shortcuts-demo/build/out/DerivedData/ModuleCache.noindex/ptrcheck-CZPM70NBA1WEIUCSGCMSWXI7K.pcm

SwiftExplicitDependencyGeneratePcm x86_64 /Volumes/SN550-2T/freewind-demos/swiftui-macos-apphotkey-custom-shortcuts-demo/build/out/DerivedData/ModuleCache.noindex/DeveloperToolsSupport-CVHMB2W64XSOBXILRT7DM3E6N.pcm

SwiftExplicitDependencyGeneratePcm x86_64 /Volumes/SN550-2T/freewind-demos/swiftui-macos-apphotkey-custom-shortcuts-demo/build/out/DerivedData/ModuleCache.noindex/_AvailabilityInternal-4HRJPTSZ9RIYGGPZOLW0VKQYO.pcm

SwiftExplicitDependencyGeneratePcm x86_64 /Volumes/SN550-2T/freewind-demos/swiftui-macos-apphotkey-custom-shortcuts-demo/build/out/DerivedData/ModuleCache.noindex/_Builtin_stddef-E4AI8T3D5PQZU6LX3YNY8LZN2.pcm

SwiftExplicitDependencyGeneratePcm x86_64 /Volumes/SN550-2T/freewind-demos/swiftui-macos-apphotkey-custom-shortcuts-demo/build/out/DerivedData/ModuleCache.noindex/_SwiftConcurrencyShims-5YXNIOFZ6MVLELRMC1WCQPW01.pcm

SwiftExplicitDependencyGeneratePcm x86_64 /Volumes/SN550-2T/freewind-demos/swiftui-macos-apphotkey-custom-shortcuts-demo/build/out/DerivedData/ModuleCache.noindex/_Builtin_float-9065GQ5ENQYMKPK21BIMAZU0E.pcm

SwiftExplicitDependencyGeneratePcm x86_64 /Volumes/SN550-2T/freewind-demos/swiftui-macos-apphotkey-custom-shortcuts-demo/build/out/DerivedData/ModuleCache.noindex/_Builtin_stdbool-3AZYPKW9QMMD37FNMSQOQVETA.pcm

SwiftExplicitDependencyGeneratePcm x86_64 /Volumes/SN550-2T/freewind-demos/swiftui-macos-apphotkey-custom-shortcuts-demo/build/out/DerivedData/ModuleCache.noindex/_DarwinFoundation1-EQ9FUV10TYQVCTVB99UDCMNZ4.pcm

SwiftExplicitDependencyGeneratePcm x86_64 /Volumes/SN550-2T/freewind-demos/swiftui-macos-apphotkey-custom-shortcuts-demo/build/out/DerivedData/ModuleCache.noindex/_DarwinFoundation2-AW1J5ODOZGZ70U7A8S7YZQ1YP.pcm

SwiftExplicitDependencyGeneratePcm x86_64 /Volumes/SN550-2T/freewind-demos/swiftui-macos-apphotkey-custom-shortcuts-demo/build/out/DerivedData/ModuleCache.noindex/_Builtin_limits-DY2A0YVU1QJZT5MZA69CHQMQL.pcm

SwiftExplicitDependencyGeneratePcm x86_64 /Volumes/SN550-2T/freewind-demos/swiftui-macos-apphotkey-custom-shortcuts-demo/build/out/DerivedData/ModuleCache.noindex/_Builtin_tgmath-7N497IVI0MRBAHK92UJYUN600.pcm

SwiftExplicitDependencyGeneratePcm x86_64 /Volumes/SN550-2T/freewind-demos/swiftui-macos-apphotkey-custom-shortcuts-demo/build/out/DerivedData/ModuleCache.noindex/_Builtin_stdint-506JT3ENE4AIGR3R2BEEIOSQH.pcm

SwiftExplicitDependencyGeneratePcm x86_64 /Volumes/SN550-2T/freewind-demos/swiftui-macos-apphotkey-custom-shortcuts-demo/build/out/DerivedData/ModuleCache.noindex/sys_types-79TZ6AV6W65F5GWET91NUPKQ.pcm

SwiftExplicitDependencyGeneratePcm x86_64 /Volumes/SN550-2T/freewind-demos/swiftui-macos-apphotkey-custom-shortcuts-demo/build/out/DerivedData/ModuleCache.noindex/_Builtin_stdatomic-3Z40E6BK0ZWYVMCJA5F0SV5U.pcm

SwiftExplicitDependencyGeneratePcm x86_64 /Volumes/SN550-2T/freewind-demos/swiftui-macos-apphotkey-custom-shortcuts-demo/build/out/DerivedData/ModuleCache.noindex/libDER-EM9CLQ5O3CGFHJYUF15188NNY.pcm

SwiftExplicitDependencyGeneratePcm x86_64 /Volumes/SN550-2T/freewind-demos/swiftui-macos-apphotkey-custom-shortcuts-demo/build/out/DerivedData/ModuleCache.noindex/OpenGL-DPFHB53VE3T1N1Q893F89PAR.pcm

SwiftExplicitDependencyGeneratePcm x86_64 /Volumes/SN550-2T/freewind-demos/swiftui-macos-apphotkey-custom-shortcuts-demo/build/out/DerivedData/ModuleCache.noindex/_DarwinFoundation3-71ZZKEWWUI7LBNXW7XVUWKR8Y.pcm

SwiftExplicitDependencyGeneratePcm x86_64 /Volumes/SN550-2T/freewind-demos/swiftui-macos-apphotkey-custom-shortcuts-demo/build/out/DerivedData/ModuleCache.noindex/_Builtin_inttypes-8YD75N0H7M2FLSGTKXT2PEXB.pcm

SwiftExplicitDependencyGeneratePcm x86_64 /Volumes/SN550-2T/freewind-demos/swiftui-macos-apphotkey-custom-shortcuts-demo/build/out/DerivedData/ModuleCache.noindex/_Builtin_intrinsics-7CXNBJNZ3WCWQ11AGSPRIYK85.pcm

SwiftExplicitDependencyGeneratePcm x86_64 /Volumes/SN550-2T/freewind-demos/swiftui-macos-apphotkey-custom-shortcuts-demo/build/out/DerivedData/ModuleCache.noindex/Darwin-4LAK49715TKAR3QL9B3TJNNHG.pcm

SwiftExplicitDependencyGeneratePcm x86_64 /Volumes/SN550-2T/freewind-demos/swiftui-macos-apphotkey-custom-shortcuts-demo/build/out/DerivedData/ModuleCache.noindex/simd-84SZ1IQTK1F4LMZUZUWQFWOSJ.pcm

SwiftExplicitDependencyGeneratePcm x86_64 /Volumes/SN550-2T/freewind-demos/swiftui-macos-apphotkey-custom-shortcuts-demo/build/out/DerivedData/ModuleCache.noindex/MachO-88KOX6HAAABFW9PW0F8XB40DJ.pcm

SwiftExplicitDependencyGeneratePcm x86_64 /Volumes/SN550-2T/freewind-demos/swiftui-macos-apphotkey-custom-shortcuts-demo/build/out/DerivedData/ModuleCache.noindex/libkern-7C4C4QVNGPGTU7BNS1I67UHDP.pcm

SwiftExplicitDependencyGeneratePcm x86_64 /Volumes/SN550-2T/freewind-demos/swiftui-macos-apphotkey-custom-shortcuts-demo/build/out/DerivedData/ModuleCache.noindex/launch-CQDZWJM86NJ8U9PHC1PH5HE87.pcm

SwiftExplicitDependencyGeneratePcm x86_64 /Volumes/SN550-2T/freewind-demos/swiftui-macos-apphotkey-custom-shortcuts-demo/build/out/DerivedData/ModuleCache.noindex/CUPS-CI2R263YMCX6I8DVC1L0R59IS.pcm

SwiftExplicitDependencyGeneratePcm x86_64 /Volumes/SN550-2T/freewind-demos/swiftui-macos-apphotkey-custom-shortcuts-demo/build/out/DerivedData/ModuleCache.noindex/ObjectiveC-CX10E3KM57U2426DLK885FEA5.pcm

SwiftExplicitDependencyGeneratePcm x86_64 /Volumes/SN550-2T/freewind-demos/swiftui-macos-apphotkey-custom-shortcuts-demo/build/out/DerivedData/ModuleCache.noindex/os_object-F517L4JXNIFFFTQRGOBDK7XAX.pcm

SwiftExplicitDependencyGeneratePcm x86_64 /Volumes/SN550-2T/freewind-demos/swiftui-macos-apphotkey-custom-shortcuts-demo/build/out/DerivedData/ModuleCache.noindex/os_workgroup-ALOIKIDNHTA81DKMK1J8KD3PF.pcm

SwiftExplicitDependencyGeneratePcm x86_64 /Volumes/SN550-2T/freewind-demos/swiftui-macos-apphotkey-custom-shortcuts-demo/build/out/DerivedData/ModuleCache.noindex/Dispatch-6TL7R0YIS3EGLJYMSW7BFNFH9.pcm

SwiftExplicitDependencyGeneratePcm x86_64 /Volumes/SN550-2T/freewind-demos/swiftui-macos-apphotkey-custom-shortcuts-demo/build/out/DerivedData/ModuleCache.noindex/XPC-35YNBCAH45ENVOS9XJQVXA00V.pcm

SwiftExplicitDependencyGeneratePcm x86_64 /Volumes/SN550-2T/freewind-demos/swiftui-macos-apphotkey-custom-shortcuts-demo/build/out/DerivedData/ModuleCache.noindex/CoreFoundation-8ORML2ARLY8BHEWNM0KKLXN4N.pcm

SwiftExplicitDependencyGeneratePcm x86_64 /Volumes/SN550-2T/freewind-demos/swiftui-macos-apphotkey-custom-shortcuts-demo/build/out/DerivedData/ModuleCache.noindex/os-1RG3PB1OPBLF8MBX3KAPYJ6SS.pcm

SwiftExplicitDependencyGeneratePcm x86_64 /Volumes/SN550-2T/freewind-demos/swiftui-macos-apphotkey-custom-shortcuts-demo/build/out/DerivedData/ModuleCache.noindex/CFNetwork-92MK2G3OMIMSZFYN0YWE4CB5P.pcm

SwiftExplicitDependencyGeneratePcm x86_64 /Volumes/SN550-2T/freewind-demos/swiftui-macos-apphotkey-custom-shortcuts-demo/build/out/DerivedData/ModuleCache.noindex/ColorSync-CYXPYFYO2UCTFH6XMEG71O7XB.pcm

SwiftExplicitDependencyGeneratePcm x86_64 /Volumes/SN550-2T/freewind-demos/swiftui-macos-apphotkey-custom-shortcuts-demo/build/out/DerivedData/ModuleCache.noindex/IOKit-5LQYSRQW3KR5925DFH58WZG5O.pcm

SwiftExplicitDependencyGeneratePcm x86_64 /Volumes/SN550-2T/freewind-demos/swiftui-macos-apphotkey-custom-shortcuts-demo/build/out/DerivedData/ModuleCache.noindex/Security-B244Z5YTBGN1W74ZIN4AU9FS8.pcm

SwiftExplicitDependencyGeneratePcm x86_64 /Volumes/SN550-2T/freewind-demos/swiftui-macos-apphotkey-custom-shortcuts-demo/build/out/DerivedData/ModuleCache.noindex/Spatial-D33PUMZF9HMFOYYNDURQH7S4S.pcm

SwiftExplicitDependencyGeneratePcm x86_64 /Volumes/SN550-2T/freewind-demos/swiftui-macos-apphotkey-custom-shortcuts-demo/build/out/DerivedData/ModuleCache.noindex/CoreGraphics-2YBFG7SBKJZ0Y6AHW8PRCKWXI.pcm

SwiftExplicitDependencyGeneratePcm x86_64 /Volumes/SN550-2T/freewind-demos/swiftui-macos-apphotkey-custom-shortcuts-demo/build/out/DerivedData/ModuleCache.noindex/DiskArbitration-9IZ4CMZEV5S1VO5N69KMCW75H.pcm

SwiftExplicitDependencyGeneratePcm x86_64 /Volumes/SN550-2T/freewind-demos/swiftui-macos-apphotkey-custom-shortcuts-demo/build/out/DerivedData/ModuleCache.noindex/CoreServices-5T32VTAR1MXMGB2YMOECWN96F.pcm

SwiftExplicitDependencyGeneratePcm x86_64 /Volumes/SN550-2T/freewind-demos/swiftui-macos-apphotkey-custom-shortcuts-demo/build/out/DerivedData/ModuleCache.noindex/CoreText-CCTUZLB4DJKW4WP7J7D7YUVDP.pcm

SwiftExplicitDependencyGeneratePcm x86_64 /Volumes/SN550-2T/freewind-demos/swiftui-macos-apphotkey-custom-shortcuts-demo/build/out/DerivedData/ModuleCache.noindex/ImageIO-2DPGB9J3BJ84FQI0XWDV4471.pcm

SwiftExplicitDependencyGeneratePcm x86_64 /Volumes/SN550-2T/freewind-demos/swiftui-macos-apphotkey-custom-shortcuts-demo/build/out/DerivedData/ModuleCache.noindex/Foundation-98M970NYY3BZF4CR21VOXT29I.pcm

SwiftExplicitDependencyGeneratePcm x86_64 /Volumes/SN550-2T/freewind-demos/swiftui-macos-apphotkey-custom-shortcuts-demo/build/out/DerivedData/ModuleCache.noindex/Accessibility-28O0H5SS911DCU4T5SOVEE3SA.pcm

SwiftExplicitDependencyGeneratePcm x86_64 /Volumes/SN550-2T/freewind-demos/swiftui-macos-apphotkey-custom-shortcuts-demo/build/out/DerivedData/ModuleCache.noindex/DataDetection-3NNVXV7X0KEK4U3CKBL5Z61IU.pcm

SwiftExplicitDependencyGeneratePcm x86_64 /Volumes/SN550-2T/freewind-demos/swiftui-macos-apphotkey-custom-shortcuts-demo/build/out/DerivedData/ModuleCache.noindex/CoreTransferable-5FNRSYPGA8T0NEVIYB3AXW2JA.pcm

SwiftExplicitDependencyGeneratePcm x86_64 /Volumes/SN550-2T/freewind-demos/swiftui-macos-apphotkey-custom-shortcuts-demo/build/out/DerivedData/ModuleCache.noindex/Symbols-4N0MJ6JMLKEAY7IPRPDGSGK20.pcm

SwiftExplicitDependencyGeneratePcm x86_64 /Volumes/SN550-2T/freewind-demos/swiftui-macos-apphotkey-custom-shortcuts-demo/build/out/DerivedData/ModuleCache.noindex/UniformTypeIdentifiers-665L6MJ78THVSZA0BX306HRDI.pcm

SwiftExplicitDependencyGeneratePcm x86_64 /Volumes/SN550-2T/freewind-demos/swiftui-macos-apphotkey-custom-shortcuts-demo/build/out/DerivedData/ModuleCache.noindex/IOSurface-MAU6IEV02MH0T3BUV5EX7DZ6.pcm

SwiftExplicitDependencyGeneratePcm x86_64 /Volumes/SN550-2T/freewind-demos/swiftui-macos-apphotkey-custom-shortcuts-demo/build/out/DerivedData/ModuleCache.noindex/CoreData-A3365TJQUZR5M1DWD4TK0X78A.pcm

SwiftExplicitDependencyGeneratePcm x86_64 /Volumes/SN550-2T/freewind-demos/swiftui-macos-apphotkey-custom-shortcuts-demo/build/out/DerivedData/ModuleCache.noindex/ApplicationServices-9UMBZKS8B4DA0R73TOVKBACXF.pcm

SwiftExplicitDependencyGeneratePcm x86_64 /Volumes/SN550-2T/freewind-demos/swiftui-macos-apphotkey-custom-shortcuts-demo/build/out/DerivedData/ModuleCache.noindex/OSLog-BRD2RQ0SOU1W79XK8QQ1H9TQ9.pcm

SwiftExplicitDependencyGeneratePcm x86_64 /Volumes/SN550-2T/freewind-demos/swiftui-macos-apphotkey-custom-shortcuts-demo/build/out/DerivedData/ModuleCache.noindex/Metal-FL7VBKV07IT24LS49PF54C7M.pcm

SwiftExplicitDependencyGeneratePcm x86_64 /Volumes/SN550-2T/freewind-demos/swiftui-macos-apphotkey-custom-shortcuts-demo/build/out/DerivedData/ModuleCache.noindex/CoreVideo-5ZFEYP6R9MWYBZG145S7VR6AT.pcm

SwiftExplicitDependencyGeneratePcm x86_64 /Volumes/SN550-2T/freewind-demos/swiftui-macos-apphotkey-custom-shortcuts-demo/build/out/DerivedData/ModuleCache.noindex/QuartzCore-27XJH2HXJRKQ8TOWK3DG3QY08.pcm

SwiftExplicitDependencyGeneratePcm x86_64 /Volumes/SN550-2T/freewind-demos/swiftui-macos-apphotkey-custom-shortcuts-demo/build/out/DerivedData/ModuleCache.noindex/CoreImage-6PEAEJFZB0F0XYN2CZA7RGPZK.pcm

SwiftExplicitDependencyGeneratePcm x86_64 /Volumes/SN550-2T/freewind-demos/swiftui-macos-apphotkey-custom-shortcuts-demo/build/out/DerivedData/ModuleCache.noindex/SwiftUICore-C1VPI5SWH5MG7Z4BF0DHKYMJA.pcm

SwiftExplicitDependencyGeneratePcm x86_64 /Volumes/SN550-2T/freewind-demos/swiftui-macos-apphotkey-custom-shortcuts-demo/build/out/DerivedData/ModuleCache.noindex/AppKit-5EAU1SENQ5S0J5CHRQULCUY2H.pcm

SwiftExplicitDependencyGeneratePcm x86_64 /Volumes/SN550-2T/freewind-demos/swiftui-macos-apphotkey-custom-shortcuts-demo/build/out/DerivedData/ModuleCache.noindex/SwiftUI-6R50I0JJKHGGIIM38GXEQ4V1T.pcm

SwiftEmitModule normal x86_64 Emitting\ module\ for\ SwiftUIAppHotkeyCustomShortcutsDemo (in target 'SwiftUIAppHotkeyCustomShortcutsDemo' from project 'SwiftUIAppHotkeyCustomShortcutsDemo')

EmitSwiftModule normal x86_64 (in target 'SwiftUIAppHotkeyCustomShortcutsDemo' from project 'SwiftUIAppHotkeyCustomShortcutsDemo')
    cd /Volumes/SN550-2T/freewind-demos/swiftui-macos-apphotkey-custom-shortcuts-demo
    

SwiftCompile normal x86_64 Compiling\ AppHotkey.swift /Volumes/SN550-2T/freewind-demos/swiftui-macos-apphotkey-custom-shortcuts-demo/Sources/AppHotkey.swift (in target 'SwiftUIAppHotkeyCustomShortcutsDemo' from project 'SwiftUIAppHotkeyCustomShortcutsDemo')
SwiftCompile normal x86_64 /Volumes/SN550-2T/freewind-demos/swiftui-macos-apphotkey-custom-shortcuts-demo/Sources/AppHotkey.swift (in target 'SwiftUIAppHotkeyCustomShortcutsDemo' from project 'SwiftUIAppHotkeyCustomShortcutsDemo')
    cd /Volumes/SN550-2T/freewind-demos/swiftui-macos-apphotkey-custom-shortcuts-demo
    

SwiftCompile normal x86_64 Compiling\ HotkeyDemoStore.swift /Volumes/SN550-2T/freewind-demos/swiftui-macos-apphotkey-custom-shortcuts-demo/Sources/HotkeyDemoStore.swift (in target 'SwiftUIAppHotkeyCustomShortcutsDemo' from project 'SwiftUIAppHotkeyCustomShortcutsDemo')
SwiftCompile normal x86_64 /Volumes/SN550-2T/freewind-demos/swiftui-macos-apphotkey-custom-shortcuts-demo/Sources/HotkeyDemoStore.swift (in target 'SwiftUIAppHotkeyCustomShortcutsDemo' from project 'SwiftUIAppHotkeyCustomShortcutsDemo')
    cd /Volumes/SN550-2T/freewind-demos/swiftui-macos-apphotkey-custom-shortcuts-demo
    

SwiftCompile normal x86_64 Compiling\ HotkeyBindings.swift /Volumes/SN550-2T/freewind-demos/swiftui-macos-apphotkey-custom-shortcuts-demo/Sources/HotkeyBindings.swift (in target 'SwiftUIAppHotkeyCustomShortcutsDemo' from project 'SwiftUIAppHotkeyCustomShortcutsDemo')

SwiftCompile normal x86_64 /Volumes/SN550-2T/freewind-demos/swiftui-macos-apphotkey-custom-shortcuts-demo/Sources/HotkeyBindings.swift (in target 'SwiftUIAppHotkeyCustomShortcutsDemo' from project 'SwiftUIAppHotkeyCustomShortcutsDemo')
    cd /Volumes/SN550-2T/freewind-demos/swiftui-macos-apphotkey-custom-shortcuts-demo
    

SwiftCompile normal x86_64 Compiling\ SwiftUIAppHotkeyCustomShortcutsDemoApp.swift /Volumes/SN550-2T/freewind-demos/swiftui-macos-apphotkey-custom-shortcuts-demo/Sources/SwiftUIAppHotkeyCustomShortcutsDemoApp.swift (in target 'SwiftUIAppHotkeyCustomShortcutsDemo' from project 'SwiftUIAppHotkeyCustomShortcutsDemo')

SwiftCompile normal x86_64 /Volumes/SN550-2T/freewind-demos/swiftui-macos-apphotkey-custom-shortcuts-demo/Sources/SwiftUIAppHotkeyCustomShortcutsDemoApp.swift (in target 'SwiftUIAppHotkeyCustomShortcutsDemo' from project 'SwiftUIAppHotkeyCustomShortcutsDemo')
    cd /Volumes/SN550-2T/freewind-demos/swiftui-macos-apphotkey-custom-shortcuts-demo
    

SwiftCompile normal x86_64 Compiling\ ContentView.swift /Volumes/SN550-2T/freewind-demos/swiftui-macos-apphotkey-custom-shortcuts-demo/Sources/ContentView.swift (in target 'SwiftUIAppHotkeyCustomShortcutsDemo' from project 'SwiftUIAppHotkeyCustomShortcutsDemo')
SwiftCompile normal x86_64 /Volumes/SN550-2T/freewind-demos/swiftui-macos-apphotkey-custom-shortcuts-demo/Sources/ContentView.swift (in target 'SwiftUIAppHotkeyCustomShortcutsDemo' from project 'SwiftUIAppHotkeyCustomShortcutsDemo')
    cd /Volumes/SN550-2T/freewind-demos/swiftui-macos-apphotkey-custom-shortcuts-demo
    

SwiftCompile normal x86_64 Compiling\ ActionHotkeyCardView.swift /Volumes/SN550-2T/freewind-demos/swiftui-macos-apphotkey-custom-shortcuts-demo/Sources/ActionHotkeyCardView.swift (in target 'SwiftUIAppHotkeyCustomShortcutsDemo' from project 'SwiftUIAppHotkeyCustomShortcutsDemo')

SwiftCompile normal x86_64 /Volumes/SN550-2T/freewind-demos/swiftui-macos-apphotkey-custom-shortcuts-demo/Sources/ActionHotkeyCardView.swift (in target 'SwiftUIAppHotkeyCustomShortcutsDemo' from project 'SwiftUIAppHotkeyCustomShortcutsDemo')
    cd /Volumes/SN550-2T/freewind-demos/swiftui-macos-apphotkey-custom-shortcuts-demo
    

SwiftCompile normal x86_64 Compiling\ HotkeyRecorderView.swift /Volumes/SN550-2T/freewind-demos/swiftui-macos-apphotkey-custom-shortcuts-demo/Sources/HotkeyRecorderView.swift (in target 'SwiftUIAppHotkeyCustomShortcutsDemo' from project 'SwiftUIAppHotkeyCustomShortcutsDemo')

SwiftCompile normal x86_64 /Volumes/SN550-2T/freewind-demos/swiftui-macos-apphotkey-custom-shortcuts-demo/Sources/HotkeyRecorderView.swift (in target 'SwiftUIAppHotkeyCustomShortcutsDemo' from project 'SwiftUIAppHotkeyCustomShortcutsDemo')
    cd /Volumes/SN550-2T/freewind-demos/swiftui-macos-apphotkey-custom-shortcuts-demo
    

SwiftCompile normal x86_64 Compiling\ HotkeyEventMonitor.swift /Volumes/SN550-2T/freewind-demos/swiftui-macos-apphotkey-custom-shortcuts-demo/Sources/HotkeyEventMonitor.swift (in target 'SwiftUIAppHotkeyCustomShortcutsDemo' from project 'SwiftUIAppHotkeyCustomShortcutsDemo')

SwiftCompile normal x86_64 /Volumes/SN550-2T/freewind-demos/swiftui-macos-apphotkey-custom-shortcuts-demo/Sources/HotkeyEventMonitor.swift (in target 'SwiftUIAppHotkeyCustomShortcutsDemo' from project 'SwiftUIAppHotkeyCustomShortcutsDemo')
    cd /Volumes/SN550-2T/freewind-demos/swiftui-macos-apphotkey-custom-shortcuts-demo
    

SwiftDriverJobDiscovery normal x86_64 Emitting module for SwiftUIAppHotkeyCustomShortcutsDemo (in target 'SwiftUIAppHotkeyCustomShortcutsDemo' from project 'SwiftUIAppHotkeyCustomShortcutsDemo')

SwiftDriver\ Compilation\ Requirements SwiftUIAppHotkeyCustomShortcutsDemo normal x86_64 com.apple.xcode.tools.swift.compiler (in target 'SwiftUIAppHotkeyCustomShortcutsDemo' from project 'SwiftUIAppHotkeyCustomShortcutsDemo')
    cd /Volumes/SN550-2T/freewind-demos/swiftui-macos-apphotkey-custom-shortcuts-demo
    builtin-Swift-Compilation-Requirements -- /Applications/Xcode.app/Contents/Developer/Toolchains/XcodeDefault.xctoolchain/usr/bin/swiftc -module-name SwiftUIAppHotkeyCustomShortcutsDemo -Onone -enforce-exclusivity\=checked @/Volumes/SN550-2T/freewind-demos/swiftui-macos-apphotkey-custom-shortcuts-demo/build/out/DerivedData/Build/Intermediates.noindex/SwiftUIAppHotkeyCustomShortcutsDemo.build/Debug/SwiftUIAppHotkeyCustomShortcutsDemo.build/Objects-normal/x86_64/SwiftUIAppHotkeyCustomShortcutsDemo.SwiftFileList -DDEBUG -enable-bare-slash-regex -enable-experimental-feature DebugDescriptionMacro -sdk /Applications/Xcode.app/Contents/Developer/Platforms/MacOSX.platform/Developer/SDKs/MacOSX26.2.sdk -target x86_64-apple-macos14.0 -g -module-cache-path /Volumes/SN550-2T/freewind-demos/swiftui-macos-apphotkey-custom-shortcuts-demo/build/out/DerivedData/ModuleCache.noindex -Xfrontend -serialize-debugging-options -enable-testing -index-store-path /Volumes/SN550-2T/freewind-demos/swiftui-macos-apphotkey-custom-shortcuts-demo/build/out/DerivedData/Index.noindex/DataStore -Xcc -D_LIBCPP_HARDENING_MODE\=_LIBCPP_HARDENING_MODE_DEBUG -swift-version 5 -I /Volumes/SN550-2T/freewind-demos/swiftui-macos-apphotkey-custom-shortcuts-demo/build/out/Debug -F /Volumes/SN550-2T/freewind-demos/swiftui-macos-apphotkey-custom-shortcuts-demo/build/out/Debug -c -j12 -enable-batch-mode -incremental -Xcc -ivfsstatcache -Xcc /Volumes/SN550-2T/freewind-demos/swiftui-macos-apphotkey-custom-shortcuts-demo/build/out/DerivedData/SDKStatCaches.noindex/macosx26.2-25C58-00fa09913b459cbbc988d1f6730289ae.sdkstatcache -output-file-map /Volumes/SN550-2T/freewind-demos/swiftui-macos-apphotkey-custom-shortcuts-demo/build/out/DerivedData/Build/Intermediates.noindex/SwiftUIAppHotkeyCustomShortcutsDemo.build/Debug/SwiftUIAppHotkeyCustomShortcutsDemo.build/Objects-normal/x86_64/SwiftUIAppHotkeyCustomShortcutsDemo-OutputFileMap.json -use-frontend-parseable-output -save-temps -no-color-diagnostics -explicit-module-build -module-cache-path /Volumes/SN550-2T/freewind-demos/swiftui-macos-apphotkey-custom-shortcuts-demo/build/out/DerivedData/Build/Intermediates.noindex/SwiftExplicitPrecompiledModules -clang-scanner-module-cache-path /Volumes/SN550-2T/freewind-demos/swiftui-macos-apphotkey-custom-shortcuts-demo/build/out/DerivedData/ModuleCache.noindex -sdk-module-cache-path /Volumes/SN550-2T/freewind-demos/swiftui-macos-apphotkey-custom-shortcuts-demo/build/out/DerivedData/ModuleCache.noindex -serialize-diagnostics -emit-dependencies -emit-module -emit-module-path /Volumes/SN550-2T/freewind-demos/swiftui-macos-apphotkey-custom-shortcuts-demo/build/out/DerivedData/Build/Intermediates.noindex/SwiftUIAppHotkeyCustomShortcutsDemo.build/Debug/SwiftUIAppHotkeyCustomShortcutsDemo.build/Objects-normal/x86_64/SwiftUIAppHotkeyCustomShortcutsDemo.swiftmodule -validate-clang-modules-once -clang-build-session-file /Volumes/SN550-2T/freewind-demos/swiftui-macos-apphotkey-custom-shortcuts-demo/build/out/DerivedData/ModuleCache.noindex/Session.modulevalidation -Xcc -I/Volumes/SN550-2T/freewind-demos/swiftui-macos-apphotkey-custom-shortcuts-demo/build/out/DerivedData/Build/Intermediates.noindex/SwiftUIAppHotkeyCustomShortcutsDemo.build/Debug/SwiftUIAppHotkeyCustomShortcutsDemo.build/swift-overrides.hmap -emit-const-values -Xfrontend -const-gather-protocols-file -Xfrontend /Volumes/SN550-2T/freewind-demos/swiftui-macos-apphotkey-custom-shortcuts-demo/build/out/DerivedData/Build/Intermediates.noindex/SwiftUIAppHotkeyCustomShortcutsDemo.build/Debug/SwiftUIAppHotkeyCustomShortcutsDemo.build/Objects-normal/x86_64/SwiftUIAppHotkeyCustomShortcutsDemo_const_extract_protocols.json -Xcc -iquote -Xcc /Volumes/SN550-2T/freewind-demos/swiftui-macos-apphotkey-custom-shortcuts-demo/build/out/DerivedData/Build/Intermediates.noindex/SwiftUIAppHotkeyCustomShortcutsDemo.build/Debug/SwiftUIAppHotkeyCustomShortcutsDemo.build/SwiftUIAppHotkeyCustomShortcutsDemo-generated-files.hmap -Xcc -I/Volumes/SN550-2T/freewind-demos/swiftui-macos-apphotkey-custom-shortcuts-demo/build/out/DerivedData/Build/Intermediates.noindex/SwiftUIAppHotkeyCustomShortcutsDemo.build/Debug/SwiftUIAppHotkeyCustomShortcutsDemo.build/SwiftUIAppHotkeyCustomShortcutsDemo-own-target-headers.hmap -Xcc -I/Volumes/SN550-2T/freewind-demos/swiftui-macos-apphotkey-custom-shortcuts-demo/build/out/DerivedData/Build/Intermediates.noindex/SwiftUIAppHotkeyCustomShortcutsDemo.build/Debug/SwiftUIAppHotkeyCustomShortcutsDemo.build/SwiftUIAppHotkeyCustomShortcutsDemo-all-target-headers.hmap -Xcc -iquote -Xcc /Volumes/SN550-2T/freewind-demos/swiftui-macos-apphotkey-custom-shortcuts-demo/build/out/DerivedData/Build/Intermediates.noindex/SwiftUIAppHotkeyCustomShortcutsDemo.build/Debug/SwiftUIAppHotkeyCustomShortcutsDemo.build/SwiftUIAppHotkeyCustomShortcutsDemo-project-headers.hmap -Xcc -I/Volumes/SN550-2T/freewind-demos/swiftui-macos-apphotkey-custom-shortcuts-demo/build/out/Debug/include -Xcc -I/Volumes/SN550-2T/freewind-demos/swiftui-macos-apphotkey-custom-shortcuts-demo/build/out/DerivedData/Build/Intermediates.noindex/SwiftUIAppHotkeyCustomShortcutsDemo.build/Debug/SwiftUIAppHotkeyCustomShortcutsDemo.build/DerivedSources-normal/x86_64 -Xcc -I/Volumes/SN550-2T/freewind-demos/swiftui-macos-apphotkey-custom-shortcuts-demo/build/out/DerivedData/Build/Intermediates.noindex/SwiftUIAppHotkeyCustomShortcutsDemo.build/Debug/SwiftUIAppHotkeyCustomShortcutsDemo.build/DerivedSources/x86_64 -Xcc -I/Volumes/SN550-2T/freewind-demos/swiftui-macos-apphotkey-custom-shortcuts-demo/build/out/DerivedData/Build/Intermediates.noindex/SwiftUIAppHotkeyCustomShortcutsDemo.build/Debug/SwiftUIAppHotkeyCustomShortcutsDemo.build/DerivedSources -Xcc -DDEBUG\=1 -emit-objc-header -emit-objc-header-path /Volumes/SN550-2T/freewind-demos/swiftui-macos-apphotkey-custom-shortcuts-demo/build/out/DerivedData/Build/Intermediates.noindex/SwiftUIAppHotkeyCustomShortcutsDemo.build/Debug/SwiftUIAppHotkeyCustomShortcutsDemo.build/Objects-normal/x86_64/SwiftUIAppHotkeyCustomShortcutsDemo-Swift.h -working-directory /Volumes/SN550-2T/freewind-demos/swiftui-macos-apphotkey-custom-shortcuts-demo -experimental-emit-module-separately -disable-cmo

SwiftMergeGeneratedHeaders /Volumes/SN550-2T/freewind-demos/swiftui-macos-apphotkey-custom-shortcuts-demo/build/out/DerivedData/Build/Intermediates.noindex/SwiftUIAppHotkeyCustomShortcutsDemo.build/Debug/SwiftUIAppHotkeyCustomShortcutsDemo.build/DerivedSources/SwiftUIAppHotkeyCustomShortcutsDemo-Swift.h /Volumes/SN550-2T/freewind-demos/swiftui-macos-apphotkey-custom-shortcuts-demo/build/out/DerivedData/Build/Intermediates.noindex/SwiftUIAppHotkeyCustomShortcutsDemo.build/Debug/SwiftUIAppHotkeyCustomShortcutsDemo.build/Objects-normal/x86_64/SwiftUIAppHotkeyCustomShortcutsDemo-Swift.h (in target 'SwiftUIAppHotkeyCustomShortcutsDemo' from project 'SwiftUIAppHotkeyCustomShortcutsDemo')
    cd /Volumes/SN550-2T/freewind-demos/swiftui-macos-apphotkey-custom-shortcuts-demo
    builtin-swiftHeaderTool -arch x86_64 /Volumes/SN550-2T/freewind-demos/swiftui-macos-apphotkey-custom-shortcuts-demo/build/out/DerivedData/Build/Intermediates.noindex/SwiftUIAppHotkeyCustomShortcutsDemo.build/Debug/SwiftUIAppHotkeyCustomShortcutsDemo.build/Objects-normal/x86_64/SwiftUIAppHotkeyCustomShortcutsDemo-Swift.h -o /Volumes/SN550-2T/freewind-demos/swiftui-macos-apphotkey-custom-shortcuts-demo/build/out/DerivedData/Build/Intermediates.noindex/SwiftUIAppHotkeyCustomShortcutsDemo.build/Debug/SwiftUIAppHotkeyCustomShortcutsDemo.build/DerivedSources/SwiftUIAppHotkeyCustomShortcutsDemo-Swift.h

Copy /Volumes/SN550-2T/freewind-demos/swiftui-macos-apphotkey-custom-shortcuts-demo/build/out/Debug/SwiftUIAppHotkeyCustomShortcutsDemo.swiftmodule/x86_64-apple-macos.abi.json /Volumes/SN550-2T/freewind-demos/swiftui-macos-apphotkey-custom-shortcuts-demo/build/out/DerivedData/Build/Intermediates.noindex/SwiftUIAppHotkeyCustomShortcutsDemo.build/Debug/SwiftUIAppHotkeyCustomShortcutsDemo.build/Objects-normal/x86_64/SwiftUIAppHotkeyCustomShortcutsDemo.abi.json (in target 'SwiftUIAppHotkeyCustomShortcutsDemo' from project 'SwiftUIAppHotkeyCustomShortcutsDemo')
    cd /Volumes/SN550-2T/freewind-demos/swiftui-macos-apphotkey-custom-shortcuts-demo
    builtin-copy -exclude .DS_Store -exclude CVS -exclude .svn -exclude .git -exclude .hg -resolve-src-symlinks -rename /Volumes/SN550-2T/freewind-demos/swiftui-macos-apphotkey-custom-shortcuts-demo/build/out/DerivedData/Build/Intermediates.noindex/SwiftUIAppHotkeyCustomShortcutsDemo.build/Debug/SwiftUIAppHotkeyCustomShortcutsDemo.build/Objects-normal/x86_64/SwiftUIAppHotkeyCustomShortcutsDemo.abi.json /Volumes/SN550-2T/freewind-demos/swiftui-macos-apphotkey-custom-shortcuts-demo/build/out/Debug/SwiftUIAppHotkeyCustomShortcutsDemo.swiftmodule/x86_64-apple-macos.abi.json

Copy /Volumes/SN550-2T/freewind-demos/swiftui-macos-apphotkey-custom-shortcuts-demo/build/out/Debug/SwiftUIAppHotkeyCustomShortcutsDemo.swiftmodule/x86_64-apple-macos.swiftmodule /Volumes/SN550-2T/freewind-demos/swiftui-macos-apphotkey-custom-shortcuts-demo/build/out/DerivedData/Build/Intermediates.noindex/SwiftUIAppHotkeyCustomShortcutsDemo.build/Debug/SwiftUIAppHotkeyCustomShortcutsDemo.build/Objects-normal/x86_64/SwiftUIAppHotkeyCustomShortcutsDemo.swiftmodule (in target 'SwiftUIAppHotkeyCustomShortcutsDemo' from project 'SwiftUIAppHotkeyCustomShortcutsDemo')
    cd /Volumes/SN550-2T/freewind-demos/swiftui-macos-apphotkey-custom-shortcuts-demo
    builtin-copy -exclude .DS_Store -exclude CVS -exclude .svn -exclude .git -exclude .hg -resolve-src-symlinks -rename /Volumes/SN550-2T/freewind-demos/swiftui-macos-apphotkey-custom-shortcuts-demo/build/out/DerivedData/Build/Intermediates.noindex/SwiftUIAppHotkeyCustomShortcutsDemo.build/Debug/SwiftUIAppHotkeyCustomShortcutsDemo.build/Objects-normal/x86_64/SwiftUIAppHotkeyCustomShortcutsDemo.swiftmodule /Volumes/SN550-2T/freewind-demos/swiftui-macos-apphotkey-custom-shortcuts-demo/build/out/Debug/SwiftUIAppHotkeyCustomShortcutsDemo.swiftmodule/x86_64-apple-macos.swiftmodule

Copy /Volumes/SN550-2T/freewind-demos/swiftui-macos-apphotkey-custom-shortcuts-demo/build/out/Debug/SwiftUIAppHotkeyCustomShortcutsDemo.swiftmodule/x86_64-apple-macos.swiftdoc /Volumes/SN550-2T/freewind-demos/swiftui-macos-apphotkey-custom-shortcuts-demo/build/out/DerivedData/Build/Intermediates.noindex/SwiftUIAppHotkeyCustomShortcutsDemo.build/Debug/SwiftUIAppHotkeyCustomShortcutsDemo.build/Objects-normal/x86_64/SwiftUIAppHotkeyCustomShortcutsDemo.swiftdoc (in target 'SwiftUIAppHotkeyCustomShortcutsDemo' from project 'SwiftUIAppHotkeyCustomShortcutsDemo')
    cd /Volumes/SN550-2T/freewind-demos/swiftui-macos-apphotkey-custom-shortcuts-demo
    builtin-copy -exclude .DS_Store -exclude CVS -exclude .svn -exclude .git -exclude .hg -resolve-src-symlinks -rename /Volumes/SN550-2T/freewind-demos/swiftui-macos-apphotkey-custom-shortcuts-demo/build/out/DerivedData/Build/Intermediates.noindex/SwiftUIAppHotkeyCustomShortcutsDemo.build/Debug/SwiftUIAppHotkeyCustomShortcutsDemo.build/Objects-normal/x86_64/SwiftUIAppHotkeyCustomShortcutsDemo.swiftdoc /Volumes/SN550-2T/freewind-demos/swiftui-macos-apphotkey-custom-shortcuts-demo/build/out/Debug/SwiftUIAppHotkeyCustomShortcutsDemo.swiftmodule/x86_64-apple-macos.swiftdoc

Copy /Volumes/SN550-2T/freewind-demos/swiftui-macos-apphotkey-custom-shortcuts-demo/build/out/Debug/SwiftUIAppHotkeyCustomShortcutsDemo.swiftmodule/Project/x86_64-apple-macos.swiftsourceinfo /Volumes/SN550-2T/freewind-demos/swiftui-macos-apphotkey-custom-shortcuts-demo/build/out/DerivedData/Build/Intermediates.noindex/SwiftUIAppHotkeyCustomShortcutsDemo.build/Debug/SwiftUIAppHotkeyCustomShortcutsDemo.build/Objects-normal/x86_64/SwiftUIAppHotkeyCustomShortcutsDemo.swiftsourceinfo (in target 'SwiftUIAppHotkeyCustomShortcutsDemo' from project 'SwiftUIAppHotkeyCustomShortcutsDemo')
    cd /Volumes/SN550-2T/freewind-demos/swiftui-macos-apphotkey-custom-shortcuts-demo
    builtin-copy -exclude .DS_Store -exclude CVS -exclude .svn -exclude .git -exclude .hg -resolve-src-symlinks -rename /Volumes/SN550-2T/freewind-demos/swiftui-macos-apphotkey-custom-shortcuts-demo/build/out/DerivedData/Build/Intermediates.noindex/SwiftUIAppHotkeyCustomShortcutsDemo.build/Debug/SwiftUIAppHotkeyCustomShortcutsDemo.build/Objects-normal/x86_64/SwiftUIAppHotkeyCustomShortcutsDemo.swiftsourceinfo /Volumes/SN550-2T/freewind-demos/swiftui-macos-apphotkey-custom-shortcuts-demo/build/out/Debug/SwiftUIAppHotkeyCustomShortcutsDemo.swiftmodule/Project/x86_64-apple-macos.swiftsourceinfo

SwiftDriverJobDiscovery normal x86_64 Compiling HotkeyBindings.swift (in target 'SwiftUIAppHotkeyCustomShortcutsDemo' from project 'SwiftUIAppHotkeyCustomShortcutsDemo')

SwiftDriverJobDiscovery normal x86_64 Compiling HotkeyEventMonitor.swift (in target 'SwiftUIAppHotkeyCustomShortcutsDemo' from project 'SwiftUIAppHotkeyCustomShortcutsDemo')

SwiftDriverJobDiscovery normal x86_64 Compiling SwiftUIAppHotkeyCustomShortcutsDemoApp.swift (in target 'SwiftUIAppHotkeyCustomShortcutsDemo' from project 'SwiftUIAppHotkeyCustomShortcutsDemo')

SwiftDriverJobDiscovery normal x86_64 Compiling AppHotkey.swift (in target 'SwiftUIAppHotkeyCustomShortcutsDemo' from project 'SwiftUIAppHotkeyCustomShortcutsDemo')

SwiftDriverJobDiscovery normal x86_64 Compiling ActionHotkeyCardView.swift (in target 'SwiftUIAppHotkeyCustomShortcutsDemo' from project 'SwiftUIAppHotkeyCustomShortcutsDemo')

SwiftDriverJobDiscovery normal x86_64 Compiling HotkeyDemoStore.swift (in target 'SwiftUIAppHotkeyCustomShortcutsDemo' from project 'SwiftUIAppHotkeyCustomShortcutsDemo')

SwiftDriverJobDiscovery normal x86_64 Compiling HotkeyRecorderView.swift (in target 'SwiftUIAppHotkeyCustomShortcutsDemo' from project 'SwiftUIAppHotkeyCustomShortcutsDemo')

SwiftDriverJobDiscovery normal x86_64 Compiling ContentView.swift (in target 'SwiftUIAppHotkeyCustomShortcutsDemo' from project 'SwiftUIAppHotkeyCustomShortcutsDemo')

SwiftDriver\ Compilation SwiftUIAppHotkeyCustomShortcutsDemo normal x86_64 com.apple.xcode.tools.swift.compiler (in target 'SwiftUIAppHotkeyCustomShortcutsDemo' from project 'SwiftUIAppHotkeyCustomShortcutsDemo')
    cd /Volumes/SN550-2T/freewind-demos/swiftui-macos-apphotkey-custom-shortcuts-demo
    builtin-Swift-Compilation -- /Applications/Xcode.app/Contents/Developer/Toolchains/XcodeDefault.xctoolchain/usr/bin/swiftc -module-name SwiftUIAppHotkeyCustomShortcutsDemo -Onone -enforce-exclusivity\=checked @/Volumes/SN550-2T/freewind-demos/swiftui-macos-apphotkey-custom-shortcuts-demo/build/out/DerivedData/Build/Intermediates.noindex/SwiftUIAppHotkeyCustomShortcutsDemo.build/Debug/SwiftUIAppHotkeyCustomShortcutsDemo.build/Objects-normal/x86_64/SwiftUIAppHotkeyCustomShortcutsDemo.SwiftFileList -DDEBUG -enable-bare-slash-regex -enable-experimental-feature DebugDescriptionMacro -sdk /Applications/Xcode.app/Contents/Developer/Platforms/MacOSX.platform/Developer/SDKs/MacOSX26.2.sdk -target x86_64-apple-macos14.0 -g -module-cache-path /Volumes/SN550-2T/freewind-demos/swiftui-macos-apphotkey-custom-shortcuts-demo/build/out/DerivedData/ModuleCache.noindex -Xfrontend -serialize-debugging-options -enable-testing -index-store-path /Volumes/SN550-2T/freewind-demos/swiftui-macos-apphotkey-custom-shortcuts-demo/build/out/DerivedData/Index.noindex/DataStore -Xcc -D_LIBCPP_HARDENING_MODE\=_LIBCPP_HARDENING_MODE_DEBUG -swift-version 5 -I /Volumes/SN550-2T/freewind-demos/swiftui-macos-apphotkey-custom-shortcuts-demo/build/out/Debug -F /Volumes/SN550-2T/freewind-demos/swiftui-macos-apphotkey-custom-shortcuts-demo/build/out/Debug -c -j12 -enable-batch-mode -incremental -Xcc -ivfsstatcache -Xcc /Volumes/SN550-2T/freewind-demos/swiftui-macos-apphotkey-custom-shortcuts-demo/build/out/DerivedData/SDKStatCaches.noindex/macosx26.2-25C58-00fa09913b459cbbc988d1f6730289ae.sdkstatcache -output-file-map /Volumes/SN550-2T/freewind-demos/swiftui-macos-apphotkey-custom-shortcuts-demo/build/out/DerivedData/Build/Intermediates.noindex/SwiftUIAppHotkeyCustomShortcutsDemo.build/Debug/SwiftUIAppHotkeyCustomShortcutsDemo.build/Objects-normal/x86_64/SwiftUIAppHotkeyCustomShortcutsDemo-OutputFileMap.json -use-frontend-parseable-output -save-temps -no-color-diagnostics -explicit-module-build -module-cache-path /Volumes/SN550-2T/freewind-demos/swiftui-macos-apphotkey-custom-shortcuts-demo/build/out/DerivedData/Build/Intermediates.noindex/SwiftExplicitPrecompiledModules -clang-scanner-module-cache-path /Volumes/SN550-2T/freewind-demos/swiftui-macos-apphotkey-custom-shortcuts-demo/build/out/DerivedData/ModuleCache.noindex -sdk-module-cache-path /Volumes/SN550-2T/freewind-demos/swiftui-macos-apphotkey-custom-shortcuts-demo/build/out/DerivedData/ModuleCache.noindex -serialize-diagnostics -emit-dependencies -emit-module -emit-module-path /Volumes/SN550-2T/freewind-demos/swiftui-macos-apphotkey-custom-shortcuts-demo/build/out/DerivedData/Build/Intermediates.noindex/SwiftUIAppHotkeyCustomShortcutsDemo.build/Debug/SwiftUIAppHotkeyCustomShortcutsDemo.build/Objects-normal/x86_64/SwiftUIAppHotkeyCustomShortcutsDemo.swiftmodule -validate-clang-modules-once -clang-build-session-file /Volumes/SN550-2T/freewind-demos/swiftui-macos-apphotkey-custom-shortcuts-demo/build/out/DerivedData/ModuleCache.noindex/Session.modulevalidation -Xcc -I/Volumes/SN550-2T/freewind-demos/swiftui-macos-apphotkey-custom-shortcuts-demo/build/out/DerivedData/Build/Intermediates.noindex/SwiftUIAppHotkeyCustomShortcutsDemo.build/Debug/SwiftUIAppHotkeyCustomShortcutsDemo.build/swift-overrides.hmap -emit-const-values -Xfrontend -const-gather-protocols-file -Xfrontend /Volumes/SN550-2T/freewind-demos/swiftui-macos-apphotkey-custom-shortcuts-demo/build/out/DerivedData/Build/Intermediates.noindex/SwiftUIAppHotkeyCustomShortcutsDemo.build/Debug/SwiftUIAppHotkeyCustomShortcutsDemo.build/Objects-normal/x86_64/SwiftUIAppHotkeyCustomShortcutsDemo_const_extract_protocols.json -Xcc -iquote -Xcc /Volumes/SN550-2T/freewind-demos/swiftui-macos-apphotkey-custom-shortcuts-demo/build/out/DerivedData/Build/Intermediates.noindex/SwiftUIAppHotkeyCustomShortcutsDemo.build/Debug/SwiftUIAppHotkeyCustomShortcutsDemo.build/SwiftUIAppHotkeyCustomShortcutsDemo-generated-files.hmap -Xcc -I/Volumes/SN550-2T/freewind-demos/swiftui-macos-apphotkey-custom-shortcuts-demo/build/out/DerivedData/Build/Intermediates.noindex/SwiftUIAppHotkeyCustomShortcutsDemo.build/Debug/SwiftUIAppHotkeyCustomShortcutsDemo.build/SwiftUIAppHotkeyCustomShortcutsDemo-own-target-headers.hmap -Xcc -I/Volumes/SN550-2T/freewind-demos/swiftui-macos-apphotkey-custom-shortcuts-demo/build/out/DerivedData/Build/Intermediates.noindex/SwiftUIAppHotkeyCustomShortcutsDemo.build/Debug/SwiftUIAppHotkeyCustomShortcutsDemo.build/SwiftUIAppHotkeyCustomShortcutsDemo-all-target-headers.hmap -Xcc -iquote -Xcc /Volumes/SN550-2T/freewind-demos/swiftui-macos-apphotkey-custom-shortcuts-demo/build/out/DerivedData/Build/Intermediates.noindex/SwiftUIAppHotkeyCustomShortcutsDemo.build/Debug/SwiftUIAppHotkeyCustomShortcutsDemo.build/SwiftUIAppHotkeyCustomShortcutsDemo-project-headers.hmap -Xcc -I/Volumes/SN550-2T/freewind-demos/swiftui-macos-apphotkey-custom-shortcuts-demo/build/out/Debug/include -Xcc -I/Volumes/SN550-2T/freewind-demos/swiftui-macos-apphotkey-custom-shortcuts-demo/build/out/DerivedData/Build/Intermediates.noindex/SwiftUIAppHotkeyCustomShortcutsDemo.build/Debug/SwiftUIAppHotkeyCustomShortcutsDemo.build/DerivedSources-normal/x86_64 -Xcc -I/Volumes/SN550-2T/freewind-demos/swiftui-macos-apphotkey-custom-shortcuts-demo/build/out/DerivedData/Build/Intermediates.noindex/SwiftUIAppHotkeyCustomShortcutsDemo.build/Debug/SwiftUIAppHotkeyCustomShortcutsDemo.build/DerivedSources/x86_64 -Xcc -I/Volumes/SN550-2T/freewind-demos/swiftui-macos-apphotkey-custom-shortcuts-demo/build/out/DerivedData/Build/Intermediates.noindex/SwiftUIAppHotkeyCustomShortcutsDemo.build/Debug/SwiftUIAppHotkeyCustomShortcutsDemo.build/DerivedSources -Xcc -DDEBUG\=1 -emit-objc-header -emit-objc-header-path /Volumes/SN550-2T/freewind-demos/swiftui-macos-apphotkey-custom-shortcuts-demo/build/out/DerivedData/Build/Intermediates.noindex/SwiftUIAppHotkeyCustomShortcutsDemo.build/Debug/SwiftUIAppHotkeyCustomShortcutsDemo.build/Objects-normal/x86_64/SwiftUIAppHotkeyCustomShortcutsDemo-Swift.h -working-directory /Volumes/SN550-2T/freewind-demos/swiftui-macos-apphotkey-custom-shortcuts-demo -experimental-emit-module-separately -disable-cmo

Ld /Volumes/SN550-2T/freewind-demos/swiftui-macos-apphotkey-custom-shortcuts-demo/build/out/Debug/SwiftUIAppHotkeyCustomShortcutsDemo.app/Contents/MacOS/SwiftUIAppHotkeyCustomShortcutsDemo.debug.dylib normal (in target 'SwiftUIAppHotkeyCustomShortcutsDemo' from project 'SwiftUIAppHotkeyCustomShortcutsDemo')
    cd /Volumes/SN550-2T/freewind-demos/swiftui-macos-apphotkey-custom-shortcuts-demo
    /Applications/Xcode.app/Contents/Developer/Toolchains/XcodeDefault.xctoolchain/usr/bin/clang -Xlinker -reproducible -target x86_64-apple-macos14.0 -dynamiclib -isysroot /Applications/Xcode.app/Contents/Developer/Platforms/MacOSX.platform/Developer/SDKs/MacOSX26.2.sdk -O0 -L/Volumes/SN550-2T/freewind-demos/swiftui-macos-apphotkey-custom-shortcuts-demo/build/out/DerivedData/Build/Intermediates.noindex/EagerLinkingTBDs/Debug -L/Volumes/SN550-2T/freewind-demos/swiftui-macos-apphotkey-custom-shortcuts-demo/build/out/Debug -F/Volumes/SN550-2T/freewind-demos/swiftui-macos-apphotkey-custom-shortcuts-demo/build/out/DerivedData/Build/Intermediates.noindex/EagerLinkingTBDs/Debug -F/Volumes/SN550-2T/freewind-demos/swiftui-macos-apphotkey-custom-shortcuts-demo/build/out/Debug -filelist /Volumes/SN550-2T/freewind-demos/swiftui-macos-apphotkey-custom-shortcuts-demo/build/out/DerivedData/Build/Intermediates.noindex/SwiftUIAppHotkeyCustomShortcutsDemo.build/Debug/SwiftUIAppHotkeyCustomShortcutsDemo.build/Objects-normal/x86_64/SwiftUIAppHotkeyCustomShortcutsDemo.LinkFileList -install_name @rpath/SwiftUIAppHotkeyCustomShortcutsDemo.debug.dylib -Xlinker -rpath -Xlinker /usr/lib/swift -Xlinker -rpath -Xlinker @executable_path/../Frameworks -Xlinker -object_path_lto -Xlinker /Volumes/SN550-2T/freewind-demos/swiftui-macos-apphotkey-custom-shortcuts-demo/build/out/DerivedData/Build/Intermediates.noindex/SwiftUIAppHotkeyCustomShortcutsDemo.build/Debug/SwiftUIAppHotkeyCustomShortcutsDemo.build/Objects-normal/x86_64/SwiftUIAppHotkeyCustomShortcutsDemo_lto.o -rdynamic -Xlinker -no_deduplicate -Xlinker -dependency_info -Xlinker /Volumes/SN550-2T/freewind-demos/swiftui-macos-apphotkey-custom-shortcuts-demo/build/out/DerivedData/Build/Intermediates.noindex/SwiftUIAppHotkeyCustomShortcutsDemo.build/Debug/SwiftUIAppHotkeyCustomShortcutsDemo.build/Objects-normal/x86_64/SwiftUIAppHotkeyCustomShortcutsDemo_dependency_info.dat -fobjc-link-runtime -L/Applications/Xcode.app/Contents/Developer/Toolchains/XcodeDefault.xctoolchain/usr/lib/swift/macosx -L/usr/lib/swift -Xlinker -add_ast_path -Xlinker /Volumes/SN550-2T/freewind-demos/swiftui-macos-apphotkey-custom-shortcuts-demo/build/out/DerivedData/Build/Intermediates.noindex/SwiftUIAppHotkeyCustomShortcutsDemo.build/Debug/SwiftUIAppHotkeyCustomShortcutsDemo.build/Objects-normal/x86_64/SwiftUIAppHotkeyCustomShortcutsDemo.swiftmodule @/Volumes/SN550-2T/freewind-demos/swiftui-macos-apphotkey-custom-shortcuts-demo/build/out/DerivedData/Build/Intermediates.noindex/SwiftUIAppHotkeyCustomShortcutsDemo.build/Debug/SwiftUIAppHotkeyCustomShortcutsDemo.build/Objects-normal/x86_64/SwiftUIAppHotkeyCustomShortcutsDemo-linker-args.resp -Xlinker -alias -Xlinker _main -Xlinker ___debug_main_executable_dylib_entry_point -Xlinker -no_adhoc_codesign -o /Volumes/SN550-2T/freewind-demos/swiftui-macos-apphotkey-custom-shortcuts-demo/build/out/Debug/SwiftUIAppHotkeyCustomShortcutsDemo.app/Contents/MacOS/SwiftUIAppHotkeyCustomShortcutsDemo.debug.dylib

ConstructStubExecutorLinkFileList /Volumes/SN550-2T/freewind-demos/swiftui-macos-apphotkey-custom-shortcuts-demo/build/out/DerivedData/Build/Intermediates.noindex/SwiftUIAppHotkeyCustomShortcutsDemo.build/Debug/SwiftUIAppHotkeyCustomShortcutsDemo.build/SwiftUIAppHotkeyCustomShortcutsDemo-ExecutorLinkFileList-normal-x86_64.txt (in target 'SwiftUIAppHotkeyCustomShortcutsDemo' from project 'SwiftUIAppHotkeyCustomShortcutsDemo')
    cd /Volumes/SN550-2T/freewind-demos/swiftui-macos-apphotkey-custom-shortcuts-demo
    construct-stub-executor-link-file-list /Volumes/SN550-2T/freewind-demos/swiftui-macos-apphotkey-custom-shortcuts-demo/build/out/Debug/SwiftUIAppHotkeyCustomShortcutsDemo.app/Contents/MacOS/SwiftUIAppHotkeyCustomShortcutsDemo.debug.dylib /Applications/Xcode.app/Contents/Developer/Platforms/MacOSX.platform/Developer/usr/lib/libPreviewsJITStubExecutor_no_swift_entry_point.a /Applications/Xcode.app/Contents/Developer/Platforms/MacOSX.platform/Developer/usr/lib/libPreviewsJITStubExecutor.a --output /Volumes/SN550-2T/freewind-demos/swiftui-macos-apphotkey-custom-shortcuts-demo/build/out/DerivedData/Build/Intermediates.noindex/SwiftUIAppHotkeyCustomShortcutsDemo.build/Debug/SwiftUIAppHotkeyCustomShortcutsDemo.build/SwiftUIAppHotkeyCustomShortcutsDemo-ExecutorLinkFileList-normal-x86_64.txt
note: Using stub executor library with Swift entry point. (in target 'SwiftUIAppHotkeyCustomShortcutsDemo' from project 'SwiftUIAppHotkeyCustomShortcutsDemo')

Ld /Volumes/SN550-2T/freewind-demos/swiftui-macos-apphotkey-custom-shortcuts-demo/build/out/Debug/SwiftUIAppHotkeyCustomShortcutsDemo.app/Contents/MacOS/SwiftUIAppHotkeyCustomShortcutsDemo normal (in target 'SwiftUIAppHotkeyCustomShortcutsDemo' from project 'SwiftUIAppHotkeyCustomShortcutsDemo')
    cd /Volumes/SN550-2T/freewind-demos/swiftui-macos-apphotkey-custom-shortcuts-demo
    /Applications/Xcode.app/Contents/Developer/Toolchains/XcodeDefault.xctoolchain/usr/bin/clang -Xlinker -reproducible -target x86_64-apple-macos14.0 -isysroot /Applications/Xcode.app/Contents/Developer/Platforms/MacOSX.platform/Developer/SDKs/MacOSX26.2.sdk -O0 -L/Volumes/SN550-2T/freewind-demos/swiftui-macos-apphotkey-custom-shortcuts-demo/build/out/Debug -F/Volumes/SN550-2T/freewind-demos/swiftui-macos-apphotkey-custom-shortcuts-demo/build/out/Debug -Xlinker -rpath -Xlinker @executable_path -Xlinker -rpath -Xlinker @executable_path/../Frameworks -rdynamic -Xlinker -no_deduplicate -e ___debug_blank_executor_main -Xlinker -sectcreate -Xlinker __TEXT -Xlinker __debug_dylib -Xlinker /Volumes/SN550-2T/freewind-demos/swiftui-macos-apphotkey-custom-shortcuts-demo/build/out/DerivedData/Build/Intermediates.noindex/SwiftUIAppHotkeyCustomShortcutsDemo.build/Debug/SwiftUIAppHotkeyCustomShortcutsDemo.build/SwiftUIAppHotkeyCustomShortcutsDemo-DebugDylibPath-normal-x86_64.txt -Xlinker -sectcreate -Xlinker __TEXT -Xlinker __debug_instlnm -Xlinker /Volumes/SN550-2T/freewind-demos/swiftui-macos-apphotkey-custom-shortcuts-demo/build/out/DerivedData/Build/Intermediates.noindex/SwiftUIAppHotkeyCustomShortcutsDemo.build/Debug/SwiftUIAppHotkeyCustomShortcutsDemo.build/SwiftUIAppHotkeyCustomShortcutsDemo-DebugDylibInstallName-normal-x86_64.txt -Xlinker -filelist -Xlinker /Volumes/SN550-2T/freewind-demos/swiftui-macos-apphotkey-custom-shortcuts-demo/build/out/DerivedData/Build/Intermediates.noindex/SwiftUIAppHotkeyCustomShortcutsDemo.build/Debug/SwiftUIAppHotkeyCustomShortcutsDemo.build/SwiftUIAppHotkeyCustomShortcutsDemo-ExecutorLinkFileList-normal-x86_64.txt /Volumes/SN550-2T/freewind-demos/swiftui-macos-apphotkey-custom-shortcuts-demo/build/out/Debug/SwiftUIAppHotkeyCustomShortcutsDemo.app/Contents/MacOS/SwiftUIAppHotkeyCustomShortcutsDemo.debug.dylib -Xlinker -no_adhoc_codesign -o /Volumes/SN550-2T/freewind-demos/swiftui-macos-apphotkey-custom-shortcuts-demo/build/out/Debug/SwiftUIAppHotkeyCustomShortcutsDemo.app/Contents/MacOS/SwiftUIAppHotkeyCustomShortcutsDemo

CopySwiftLibs /Volumes/SN550-2T/freewind-demos/swiftui-macos-apphotkey-custom-shortcuts-demo/build/out/Debug/SwiftUIAppHotkeyCustomShortcutsDemo.app (in target 'SwiftUIAppHotkeyCustomShortcutsDemo' from project 'SwiftUIAppHotkeyCustomShortcutsDemo')
    cd /Volumes/SN550-2T/freewind-demos/swiftui-macos-apphotkey-custom-shortcuts-demo
    builtin-swiftStdLibTool --copy --verbose --sign - --scan-executable /Volumes/SN550-2T/freewind-demos/swiftui-macos-apphotkey-custom-shortcuts-demo/build/out/Debug/SwiftUIAppHotkeyCustomShortcutsDemo.app/Contents/MacOS/SwiftUIAppHotkeyCustomShortcutsDemo.debug.dylib --scan-folder /Volumes/SN550-2T/freewind-demos/swiftui-macos-apphotkey-custom-shortcuts-demo/build/out/Debug/SwiftUIAppHotkeyCustomShortcutsDemo.app/Contents/Frameworks --scan-folder /Volumes/SN550-2T/freewind-demos/swiftui-macos-apphotkey-custom-shortcuts-demo/build/out/Debug/SwiftUIAppHotkeyCustomShortcutsDemo.app/Contents/PlugIns --scan-folder /Volumes/SN550-2T/freewind-demos/swiftui-macos-apphotkey-custom-shortcuts-demo/build/out/Debug/SwiftUIAppHotkeyCustomShortcutsDemo.app/Contents/Library/SystemExtensions --scan-folder /Volumes/SN550-2T/freewind-demos/swiftui-macos-apphotkey-custom-shortcuts-demo/build/out/Debug/SwiftUIAppHotkeyCustomShortcutsDemo.app/Contents/Extensions --platform macosx --toolchain /Applications/Xcode.app/Contents/Developer/Toolchains/XcodeDefault.xctoolchain --destination /Volumes/SN550-2T/freewind-demos/swiftui-macos-apphotkey-custom-shortcuts-demo/build/out/Debug/SwiftUIAppHotkeyCustomShortcutsDemo.app/Contents/Frameworks --strip-bitcode --strip-bitcode-tool /Applications/Xcode.app/Contents/Developer/Toolchains/XcodeDefault.xctoolchain/usr/bin/bitcode_strip --emit-dependency-info /Volumes/SN550-2T/freewind-demos/swiftui-macos-apphotkey-custom-shortcuts-demo/build/out/DerivedData/Build/Intermediates.noindex/SwiftUIAppHotkeyCustomShortcutsDemo.build/Debug/SwiftUIAppHotkeyCustomShortcutsDemo.build/SwiftStdLibToolInputDependencies.dep --filter-for-swift-os --back-deploy-swift-span

ExtractAppIntentsMetadata (in target 'SwiftUIAppHotkeyCustomShortcutsDemo' from project 'SwiftUIAppHotkeyCustomShortcutsDemo')
    cd /Volumes/SN550-2T/freewind-demos/swiftui-macos-apphotkey-custom-shortcuts-demo
    /Applications/Xcode.app/Contents/Developer/Toolchains/XcodeDefault.xctoolchain/usr/bin/appintentsmetadataprocessor --toolchain-dir /Applications/Xcode.app/Contents/Developer/Toolchains/XcodeDefault.xctoolchain --module-name SwiftUIAppHotkeyCustomShortcutsDemo --sdk-root /Applications/Xcode.app/Contents/Developer/Platforms/MacOSX.platform/Developer/SDKs/MacOSX26.2.sdk --xcode-version 17C529 --platform-family macOS --deployment-target 14.0 --bundle-identifier com.freewind.SwiftUIAppHotkeyCustomShortcutsDemo --output /Volumes/SN550-2T/freewind-demos/swiftui-macos-apphotkey-custom-shortcuts-demo/build/out/Debug/SwiftUIAppHotkeyCustomShortcutsDemo.app/Contents/Resources --target-triple x86_64-apple-macos14.0 --binary-file /Volumes/SN550-2T/freewind-demos/swiftui-macos-apphotkey-custom-shortcuts-demo/build/out/Debug/SwiftUIAppHotkeyCustomShortcutsDemo.app/Contents/MacOS/SwiftUIAppHotkeyCustomShortcutsDemo --dependency-file /Volumes/SN550-2T/freewind-demos/swiftui-macos-apphotkey-custom-shortcuts-demo/build/out/DerivedData/Build/Intermediates.noindex/SwiftUIAppHotkeyCustomShortcutsDemo.build/Debug/SwiftUIAppHotkeyCustomShortcutsDemo.build/Objects-normal/x86_64/SwiftUIAppHotkeyCustomShortcutsDemo_dependency_info.dat --stringsdata-file /Volumes/SN550-2T/freewind-demos/swiftui-macos-apphotkey-custom-shortcuts-demo/build/out/DerivedData/Build/Intermediates.noindex/SwiftUIAppHotkeyCustomShortcutsDemo.build/Debug/SwiftUIAppHotkeyCustomShortcutsDemo.build/Objects-normal/x86_64/ExtractedAppShortcutsMetadata.stringsdata --source-file-list /Volumes/SN550-2T/freewind-demos/swiftui-macos-apphotkey-custom-shortcuts-demo/build/out/DerivedData/Build/Intermediates.noindex/SwiftUIAppHotkeyCustomShortcutsDemo.build/Debug/SwiftUIAppHotkeyCustomShortcutsDemo.build/Objects-normal/x86_64/SwiftUIAppHotkeyCustomShortcutsDemo.SwiftFileList --metadata-file-list /Volumes/SN550-2T/freewind-demos/swiftui-macos-apphotkey-custom-shortcuts-demo/build/out/DerivedData/Build/Intermediates.noindex/SwiftUIAppHotkeyCustomShortcutsDemo.build/Debug/SwiftUIAppHotkeyCustomShortcutsDemo.build/SwiftUIAppHotkeyCustomShortcutsDemo.DependencyMetadataFileList --static-metadata-file-list /Volumes/SN550-2T/freewind-demos/swiftui-macos-apphotkey-custom-shortcuts-demo/build/out/DerivedData/Build/Intermediates.noindex/SwiftUIAppHotkeyCustomShortcutsDemo.build/Debug/SwiftUIAppHotkeyCustomShortcutsDemo.build/SwiftUIAppHotkeyCustomShortcutsDemo.DependencyStaticMetadataFileList --swift-const-vals-list /Volumes/SN550-2T/freewind-demos/swiftui-macos-apphotkey-custom-shortcuts-demo/build/out/DerivedData/Build/Intermediates.noindex/SwiftUIAppHotkeyCustomShortcutsDemo.build/Debug/SwiftUIAppHotkeyCustomShortcutsDemo.build/Objects-normal/x86_64/SwiftUIAppHotkeyCustomShortcutsDemo.SwiftConstValuesFileList --compile-time-extraction --deployment-aware-processing --validate-assistant-intents --no-app-shortcuts-localization
2026-05-19 16:09:39.757 appintentsmetadataprocessor[97496:3413492] Starting appintentsmetadataprocessor export
2026-05-19 16:09:39.760 appintentsmetadataprocessor[97496:3413492] warning: Metadata extraction skipped. No AppIntents.framework dependency found.

CodeSign /Volumes/SN550-2T/freewind-demos/swiftui-macos-apphotkey-custom-shortcuts-demo/build/out/Debug/SwiftUIAppHotkeyCustomShortcutsDemo.app/Contents/MacOS/SwiftUIAppHotkeyCustomShortcutsDemo.debug.dylib (in target 'SwiftUIAppHotkeyCustomShortcutsDemo' from project 'SwiftUIAppHotkeyCustomShortcutsDemo')
    cd /Volumes/SN550-2T/freewind-demos/swiftui-macos-apphotkey-custom-shortcuts-demo
    
    Signing Identity:     "Sign to Run Locally"
    
    /usr/bin/codesign --force --sign - --timestamp\=none --generate-entitlement-der /Volumes/SN550-2T/freewind-demos/swiftui-macos-apphotkey-custom-shortcuts-demo/build/out/Debug/SwiftUIAppHotkeyCustomShortcutsDemo.app/Contents/MacOS/SwiftUIAppHotkeyCustomShortcutsDemo.debug.dylib

CodeSign /Volumes/SN550-2T/freewind-demos/swiftui-macos-apphotkey-custom-shortcuts-demo/build/out/Debug/SwiftUIAppHotkeyCustomShortcutsDemo.app/Contents/MacOS/__preview.dylib (in target 'SwiftUIAppHotkeyCustomShortcutsDemo' from project 'SwiftUIAppHotkeyCustomShortcutsDemo')
    cd /Volumes/SN550-2T/freewind-demos/swiftui-macos-apphotkey-custom-shortcuts-demo
    
    Signing Identity:     "Sign to Run Locally"
    
    /usr/bin/codesign --force --sign - --timestamp\=none --generate-entitlement-der /Volumes/SN550-2T/freewind-demos/swiftui-macos-apphotkey-custom-shortcuts-demo/build/out/Debug/SwiftUIAppHotkeyCustomShortcutsDemo.app/Contents/MacOS/__preview.dylib

CodeSign /Volumes/SN550-2T/freewind-demos/swiftui-macos-apphotkey-custom-shortcuts-demo/build/out/Debug/SwiftUIAppHotkeyCustomShortcutsDemo.app (in target 'SwiftUIAppHotkeyCustomShortcutsDemo' from project 'SwiftUIAppHotkeyCustomShortcutsDemo')
    cd /Volumes/SN550-2T/freewind-demos/swiftui-macos-apphotkey-custom-shortcuts-demo
    
    Signing Identity:     "Sign to Run Locally"
    
    /usr/bin/codesign --force --sign - --entitlements /Volumes/SN550-2T/freewind-demos/swiftui-macos-apphotkey-custom-shortcuts-demo/build/out/DerivedData/Build/Intermediates.noindex/SwiftUIAppHotkeyCustomShortcutsDemo.build/Debug/SwiftUIAppHotkeyCustomShortcutsDemo.build/SwiftUIAppHotkeyCustomShortcutsDemo.app.xcent --timestamp\=none --generate-entitlement-der /Volumes/SN550-2T/freewind-demos/swiftui-macos-apphotkey-custom-shortcuts-demo/build/out/Debug/SwiftUIAppHotkeyCustomShortcutsDemo.app

RegisterExecutionPolicyException /Volumes/SN550-2T/freewind-demos/swiftui-macos-apphotkey-custom-shortcuts-demo/build/out/Debug/SwiftUIAppHotkeyCustomShortcutsDemo.app (in target 'SwiftUIAppHotkeyCustomShortcutsDemo' from project 'SwiftUIAppHotkeyCustomShortcutsDemo')
    cd /Volumes/SN550-2T/freewind-demos/swiftui-macos-apphotkey-custom-shortcuts-demo
    builtin-RegisterExecutionPolicyException /Volumes/SN550-2T/freewind-demos/swiftui-macos-apphotkey-custom-shortcuts-demo/build/out/Debug/SwiftUIAppHotkeyCustomShortcutsDemo.app

Validate /Volumes/SN550-2T/freewind-demos/swiftui-macos-apphotkey-custom-shortcuts-demo/build/out/Debug/SwiftUIAppHotkeyCustomShortcutsDemo.app (in target 'SwiftUIAppHotkeyCustomShortcutsDemo' from project 'SwiftUIAppHotkeyCustomShortcutsDemo')
    cd /Volumes/SN550-2T/freewind-demos/swiftui-macos-apphotkey-custom-shortcuts-demo
    builtin-validationUtility /Volumes/SN550-2T/freewind-demos/swiftui-macos-apphotkey-custom-shortcuts-demo/build/out/Debug/SwiftUIAppHotkeyCustomShortcutsDemo.app -no-validate-extension -infoplist-subpath Contents/Info.plist

RegisterWithLaunchServices /Volumes/SN550-2T/freewind-demos/swiftui-macos-apphotkey-custom-shortcuts-demo/build/out/Debug/SwiftUIAppHotkeyCustomShortcutsDemo.app (in target 'SwiftUIAppHotkeyCustomShortcutsDemo' from project 'SwiftUIAppHotkeyCustomShortcutsDemo')
    cd /Volumes/SN550-2T/freewind-demos/swiftui-macos-apphotkey-custom-shortcuts-demo
    /System/Library/Frameworks/CoreServices.framework/Versions/Current/Frameworks/LaunchServices.framework/Versions/Current/Support/lsregister -f -R -trusted /Volumes/SN550-2T/freewind-demos/swiftui-macos-apphotkey-custom-shortcuts-demo/build/out/Debug/SwiftUIAppHotkeyCustomShortcutsDemo.app

Touch /Volumes/SN550-2T/freewind-demos/swiftui-macos-apphotkey-custom-shortcuts-demo/build/out/Debug/SwiftUIAppHotkeyCustomShortcutsDemo.app (in target 'SwiftUIAppHotkeyCustomShortcutsDemo' from project 'SwiftUIAppHotkeyCustomShortcutsDemo')
    cd /Volumes/SN550-2T/freewind-demos/swiftui-macos-apphotkey-custom-shortcuts-demo
    /usr/bin/touch -c /Volumes/SN550-2T/freewind-demos/swiftui-macos-apphotkey-custom-shortcuts-demo/build/out/Debug/SwiftUIAppHotkeyCustomShortcutsDemo.app

** BUILD SUCCEEDED **

